
**** Clean-only build of configuration Release for project spi_demo ****

"C:\\ti\\ccsv8\\utils\\bin\\gmake" -k clean 
 
gmake: *** No rule to make target 'clean'.

**** Build Finished ****

**** Build of configuration Release for project spi_demo ****

"C:\\ti\\ccsv8\\utils\\bin\\gmake" -k all 
 
Building file: "../main.c"
Invoking: ARM Compiler
"C:/ti/ccsv8/tools/compiler/ti-cgt-arm_18.1.3.LTS/bin/armcl" -mv7M4 --code_state=16 --float_support=vfplib --abi=eabi -me --include_path="C:/ti/ccsv8/tools/compiler/ti-cgt-arm_18.1.3.LTS/include" --include_path="C:/ti/CC3200SDK_1.3.0/cc3200-sdk/example/common" --include_path="C:/ti/CC3200SDK_1.3.0/cc3200-sdk/driverlib/" --include_path="C:/ti/CC3200SDK_1.3.0/cc3200-sdk/inc/" -g --define=ccs --define=cc3200 --diag_warning=225 --diag_wrap=off --display_error_number --preproc_with_compile --preproc_dependency="main.d_raw"  "../main.c"
Finished building: "../main.c"
 
Building file: "../pinmux.c"
Invoking: ARM Compiler
"C:/ti/ccsv8/tools/compiler/ti-cgt-arm_18.1.3.LTS/bin/armcl" -mv7M4 --code_state=16 --float_support=vfplib --abi=eabi -me --include_path="C:/ti/ccsv8/tools/compiler/ti-cgt-arm_18.1.3.LTS/include" --include_path="C:/ti/CC3200SDK_1.3.0/cc3200-sdk/example/common" --include_path="C:/ti/CC3200SDK_1.3.0/cc3200-sdk/driverlib/" --include_path="C:/ti/CC3200SDK_1.3.0/cc3200-sdk/inc/" -g --define=ccs --define=cc3200 --diag_warning=225 --diag_wrap=off --display_error_number --preproc_with_compile --preproc_dependency="pinmux.d_raw"  "../pinmux.c"
Finished building: "../pinmux.c"
 
Building file: "C:/ti/CC3200SDK_1.3.0/cc3200-sdk/example/common/startup_ccs.c"
Invoking: ARM Compiler
"C:/ti/ccsv8/tools/compiler/ti-cgt-arm_18.1.3.LTS/bin/armcl" -mv7M4 --code_state=16 --float_support=vfplib --abi=eabi -me --include_path="C:/ti/ccsv8/tools/compiler/ti-cgt-arm_18.1.3.LTS/include" --include_path="C:/ti/CC3200SDK_1.3.0/cc3200-sdk/example/common" --include_path="C:/ti/CC3200SDK_1.3.0/cc3200-sdk/driverlib/" --include_path="C:/ti/CC3200SDK_1.3.0/cc3200-sdk/inc/" -g --define=ccs --define=cc3200 --diag_warning=225 --diag_wrap=off --display_error_number --preproc_with_compile --preproc_dependency="startup_ccs.d_raw"  "C:/ti/CC3200SDK_1.3.0/cc3200-sdk/example/common/startup_ccs.c"
Finished building: "C:/ti/CC3200SDK_1.3.0/cc3200-sdk/example/common/startup_ccs.c"
 
Building file: "C:/ti/CC3200SDK_1.3.0/cc3200-sdk/example/common/uart_if.c"
Invoking: ARM Compiler
"C:/ti/ccsv8/tools/compiler/ti-cgt-arm_18.1.3.LTS/bin/armcl" -mv7M4 --code_state=16 --float_support=vfplib --abi=eabi -me --include_path="C:/ti/ccsv8/tools/compiler/ti-cgt-arm_18.1.3.LTS/include" --include_path="C:/ti/CC3200SDK_1.3.0/cc3200-sdk/example/common" --include_path="C:/ti/CC3200SDK_1.3.0/cc3200-sdk/driverlib/" --include_path="C:/ti/CC3200SDK_1.3.0/cc3200-sdk/inc/" -g --define=ccs --define=cc3200 --diag_warning=225 --diag_wrap=off --display_error_number --preproc_with_compile --preproc_dependency="uart_if.d_raw"  "C:/ti/CC3200SDK_1.3.0/cc3200-sdk/example/common/uart_if.c"
Finished building: "C:/ti/CC3200SDK_1.3.0/cc3200-sdk/example/common/uart_if.c"
 
Building target: "spi_demo.out"
Invoking: ARM Linker
"C:/ti/ccsv8/tools/compiler/ti-cgt-arm_18.1.3.LTS/bin/armcl" -mv7M4 --code_state=16 --float_support=vfplib --abi=eabi -me -g --define=ccs --define=cc3200 --diag_warning=225 --diag_wrap=off --display_error_number -z -m"spi_demo.map" --stack_size=0x800 --heap_size=0x800 -i"C:/ti/ccsv8/tools/compiler/ti-cgt-arm_18.1.3.LTS/lib" -i"C:/ti/ccsv8/tools/compiler/ti-cgt-arm_18.1.3.LTS/include" --reread_libs --diag_wrap=off --display_error_number --warn_sections --xml_link_info="spi_demo_linkInfo.xml" --rom_model -o "spi_demo.out" "./main.obj" "./pinmux.obj" "./startup_ccs.obj" "./uart_if.obj" "../cc3200v1p32.cmd"  -llibc.a -l"C:/ti/CC3200SDK_1.3.0/cc3200-sdk/driverlib/ccs/Release/driverlib.a" 
<Linking>
Finished building target: "spi_demo.out"
 
"C:/ti/ccsv8/utils/tiobj2bin/tiobj2bin" "spi_demo.out" "spi_demo.bin" "C:/ti/ccsv8/tools/compiler/ti-cgt-arm_18.1.3.LTS/bin/armofd" "C:/ti/ccsv8/tools/compiler/ti-cgt-arm_18.1.3.LTS/bin/armhex" "C:/ti/ccsv8/utils/tiobj2bin/mkhex4bin"
 

**** Build Finished ****

**** Build of configuration Release for project spi_demo ****

"C:\\ti\\ccsv8\\utils\\bin\\gmake" -k all 
 
Building file: "../main.c"
Invoking: ARM Compiler
"C:/ti/ccsv8/tools/compiler/ti-cgt-arm_18.1.4.LTS/bin/armcl" -mv7M4 --code_state=16 --float_support=vfplib -me --include_path="C:/ti/ccsv8/tools/compiler/ti-cgt-arm_18.1.4.LTS/include" --include_path="C:/ti/CC3200SDK_1.3.0/cc3200-sdk/example/common" --include_path="C:/ti/CC3200SDK_1.3.0/cc3200-sdk/driverlib/" --include_path="C:/ti/CC3200SDK_1.3.0/cc3200-sdk/inc/" --define=ccs --define=cc3200 -g --diag_warning=225 --diag_wrap=off --display_error_number --abi=eabi --preproc_with_compile --preproc_dependency="main.d_raw"  "../main.c"
Finished building: "../main.c"
 
Building file: "../pinmux.c"
Invoking: ARM Compiler
"C:/ti/ccsv8/tools/compiler/ti-cgt-arm_18.1.4.LTS/bin/armcl" -mv7M4 --code_state=16 --float_support=vfplib -me --include_path="C:/ti/ccsv8/tools/compiler/ti-cgt-arm_18.1.4.LTS/include" --include_path="C:/ti/CC3200SDK_1.3.0/cc3200-sdk/example/common" --include_path="C:/ti/CC3200SDK_1.3.0/cc3200-sdk/driverlib/" --include_path="C:/ti/CC3200SDK_1.3.0/cc3200-sdk/inc/" --define=ccs --define=cc3200 -g --diag_warning=225 --diag_wrap=off --display_error_number --abi=eabi --preproc_with_compile --preproc_dependency="pinmux.d_raw"  "../pinmux.c"
Finished building: "../pinmux.c"
 
Building file: "C:/ti/CC3200SDK_1.3.0/cc3200-sdk/example/common/startup_ccs.c"
Invoking: ARM Compiler
"C:/ti/ccsv8/tools/compiler/ti-cgt-arm_18.1.4.LTS/bin/armcl" -mv7M4 --code_state=16 --float_support=vfplib -me --include_path="C:/ti/ccsv8/tools/compiler/ti-cgt-arm_18.1.4.LTS/include" --include_path="C:/ti/CC3200SDK_1.3.0/cc3200-sdk/example/common" --include_path="C:/ti/CC3200SDK_1.3.0/cc3200-sdk/driverlib/" --include_path="C:/ti/CC3200SDK_1.3.0/cc3200-sdk/inc/" --define=ccs --define=cc3200 -g --diag_warning=225 --diag_wrap=off --display_error_number --abi=eabi --preproc_with_compile --preproc_dependency="startup_ccs.d_raw"  "C:/ti/CC3200SDK_1.3.0/cc3200-sdk/example/common/startup_ccs.c"
Finished building: "C:/ti/CC3200SDK_1.3.0/cc3200-sdk/example/common/startup_ccs.c"
 
Building file: "C:/ti/CC3200SDK_1.3.0/cc3200-sdk/example/common/uart_if.c"
Invoking: ARM Compiler
"C:/ti/ccsv8/tools/compiler/ti-cgt-arm_18.1.4.LTS/bin/armcl" -mv7M4 --code_state=16 --float_support=vfplib -me --include_path="C:/ti/ccsv8/tools/compiler/ti-cgt-arm_18.1.4.LTS/include" --include_path="C:/ti/CC3200SDK_1.3.0/cc3200-sdk/example/common" --include_path="C:/ti/CC3200SDK_1.3.0/cc3200-sdk/driverlib/" --include_path="C:/ti/CC3200SDK_1.3.0/cc3200-sdk/inc/" --define=ccs --define=cc3200 -g --diag_warning=225 --diag_wrap=off --display_error_number --abi=eabi --preproc_with_compile --preproc_dependency="uart_if.d_raw"  "C:/ti/CC3200SDK_1.3.0/cc3200-sdk/example/common/uart_if.c"
Finished building: "C:/ti/CC3200SDK_1.3.0/cc3200-sdk/example/common/uart_if.c"
 
Building target: "spi_demo.out"
Invoking: ARM Linker
"C:/ti/ccsv8/tools/compiler/ti-cgt-arm_18.1.4.LTS/bin/armcl" -mv7M4 --code_state=16 --float_support=vfplib -me --define=ccs --define=cc3200 -g --diag_warning=225 --diag_wrap=off --display_error_number --abi=eabi -z -m"spi_demo.map" --heap_size=0x800 --stack_size=0x800 -i"C:/ti/ccsv8/tools/compiler/ti-cgt-arm_18.1.4.LTS/lib" -i"C:/ti/ccsv8/tools/compiler/ti-cgt-arm_18.1.4.LTS/include" --reread_libs --diag_wrap=off --display_error_number --warn_sections --xml_link_info="spi_demo_linkInfo.xml" --rom_model -o "spi_demo.out" "./main.obj" "./pinmux.obj" "./startup_ccs.obj" "./uart_if.obj" "../cc3200v1p32.cmd"  -llibc.a -l"C:/ti/CC3200SDK_1.3.0/cc3200-sdk/driverlib/ccs/Release/driverlib.a" 
<Linking>
Finished building target: "spi_demo.out"
 
"C:/ti/ccsv8/utils/tiobj2bin/tiobj2bin" "spi_demo.out" "spi_demo.bin" "C:/ti/ccsv8/tools/compiler/ti-cgt-arm_18.1.4.LTS/bin/armofd" "C:/ti/ccsv8/tools/compiler/ti-cgt-arm_18.1.4.LTS/bin/armhex" "C:/ti/ccsv8/utils/tiobj2bin/mkhex4bin"
 

**** Build Finished ****

**** Build of configuration Release for project spi_demo ****

"C:\\ti\\ccsv8\\utils\\bin\\gmake" -k all 
 
gmake: Nothing to be done for 'all'.

**** Build Finished ****

**** Build of configuration Release for project spi_demo ****

"C:\\ti\\ccsv8\\utils\\bin\\gmake" -k all 
 
gmake: Nothing to be done for 'all'.

**** Build Finished ****
