
**** Clean-only build of configuration Release for project blinky ****

"C:\\TI\\ccsv8\\utils\\bin\\gmake" -k clean 
 
gmake: *** No rule to make target 'clean'.

**** Build Finished ****

**** Build of configuration Release for project blinky ****

"C:\\TI\\ccsv8\\utils\\bin\\gmake" -k all 
 
Building file: "C:/TI/CC3200SDK_1.3.0/cc3200-sdk/example/common/gpio_if.c"
Invoking: ARM Compiler
"C:/TI/ccsv8/tools/compiler/ti-cgt-arm_18.1.4.LTS/bin/armcl" -mv7M4 --code_state=16 --float_support=vfplib -me -Ooff --include_path="C:/TI/ccsv8/tools/compiler/ti-cgt-arm_18.1.4.LTS/include" --include_path="C:/TI/CC3200SDK_1.3.0/cc3200-sdk/example/common" --include_path="C:/TI/CC3200SDK_1.3.0/cc3200-sdk/driverlib" --include_path="C:/TI/CC3200SDK_1.3.0/cc3200-sdk/inc" --define=ccs --define=NON_NETWORK --define=cc3200 -g --gcc --diag_warning=225 --diag_wrap=off --display_error_number --abi=eabi --preproc_with_compile --preproc_dependency="gpio_if.d_raw"  "C:/TI/CC3200SDK_1.3.0/cc3200-sdk/example/common/gpio_if.c"
Finished building: "C:/TI/CC3200SDK_1.3.0/cc3200-sdk/example/common/gpio_if.c"
 
Building file: "../main.c"
Invoking: ARM Compiler
"C:/TI/ccsv8/tools/compiler/ti-cgt-arm_18.1.4.LTS/bin/armcl" -mv7M4 --code_state=16 --float_support=vfplib -me -Ooff --include_path="C:/TI/ccsv8/tools/compiler/ti-cgt-arm_18.1.4.LTS/include" --include_path="C:/TI/CC3200SDK_1.3.0/cc3200-sdk/example/common" --include_path="C:/TI/CC3200SDK_1.3.0/cc3200-sdk/driverlib" --include_path="C:/TI/CC3200SDK_1.3.0/cc3200-sdk/inc" --define=ccs --define=NON_NETWORK --define=cc3200 -g --gcc --diag_warning=225 --diag_wrap=off --display_error_number --abi=eabi --preproc_with_compile --preproc_dependency="main.d_raw"  "../main.c"
Finished building: "../main.c"
 
Building file: "../pinmux.c"
Invoking: ARM Compiler
"C:/TI/ccsv8/tools/compiler/ti-cgt-arm_18.1.4.LTS/bin/armcl" -mv7M4 --code_state=16 --float_support=vfplib -me -Ooff --include_path="C:/TI/ccsv8/tools/compiler/ti-cgt-arm_18.1.4.LTS/include" --include_path="C:/TI/CC3200SDK_1.3.0/cc3200-sdk/example/common" --include_path="C:/TI/CC3200SDK_1.3.0/cc3200-sdk/driverlib" --include_path="C:/TI/CC3200SDK_1.3.0/cc3200-sdk/inc" --define=ccs --define=NON_NETWORK --define=cc3200 -g --gcc --diag_warning=225 --diag_wrap=off --display_error_number --abi=eabi --preproc_with_compile --preproc_dependency="pinmux.d_raw"  "../pinmux.c"
Finished building: "../pinmux.c"
 
Building file: "C:/TI/CC3200SDK_1.3.0/cc3200-sdk/example/common/startup_ccs.c"
Invoking: ARM Compiler
"C:/TI/ccsv8/tools/compiler/ti-cgt-arm_18.1.4.LTS/bin/armcl" -mv7M4 --code_state=16 --float_support=vfplib -me -Ooff --include_path="C:/TI/ccsv8/tools/compiler/ti-cgt-arm_18.1.4.LTS/include" --include_path="C:/TI/CC3200SDK_1.3.0/cc3200-sdk/example/common" --include_path="C:/TI/CC3200SDK_1.3.0/cc3200-sdk/driverlib" --include_path="C:/TI/CC3200SDK_1.3.0/cc3200-sdk/inc" --define=ccs --define=NON_NETWORK --define=cc3200 -g --gcc --diag_warning=225 --diag_wrap=off --display_error_number --abi=eabi --preproc_with_compile --preproc_dependency="startup_ccs.d_raw"  "C:/TI/CC3200SDK_1.3.0/cc3200-sdk/example/common/startup_ccs.c"
Finished building: "C:/TI/CC3200SDK_1.3.0/cc3200-sdk/example/common/startup_ccs.c"
 
Building target: "blinky.out"
Invoking: ARM Linker
"C:/TI/ccsv8/tools/compiler/ti-cgt-arm_18.1.4.LTS/bin/armcl" -mv7M4 --code_state=16 --float_support=vfplib -me -Ooff --define=ccs --define=NON_NETWORK --define=cc3200 -g --gcc --diag_warning=225 --diag_wrap=off --display_error_number --abi=eabi -z -m"blinky.map" --heap_size=0x800 --stack_size=0x800 -i"C:/TI/ccsv8/tools/compiler/ti-cgt-arm_18.1.4.LTS/lib" -i"C:/TI/CC3200SDK_1.3.0/cc3200-sdk/driverlib/ccs/Release" -i"C:/TI/ccsv8/tools/compiler/ti-cgt-arm_18.1.4.LTS/include" --reread_libs --diag_wrap=off --display_error_number --warn_sections --xml_link_info="blinky_linkInfo.xml" --rom_model -o "blinky.out" "./gpio_if.obj" "./main.obj" "./pinmux.obj" "./startup_ccs.obj" "../cc3200v1p32.cmd"  -llibc.a -ldriverlib.a 
<Linking>
Finished building target: "blinky.out"
 
"C:/TI/ccsv8/utils/tiobj2bin/tiobj2bin" "blinky.out" "blinky.bin" "C:/TI/ccsv8/tools/compiler/ti-cgt-arm_18.1.4.LTS/bin/armofd" "C:/TI/ccsv8/tools/compiler/ti-cgt-arm_18.1.4.LTS/bin/armhex" "C:/TI/ccsv8/utils/tiobj2bin/mkhex4bin"
 

**** Build Finished ****

**** Build of configuration Release for project blinky ****

"C:\\TI\\ccsv8\\utils\\bin\\gmake" -k all 
 
gmake: Nothing to be done for 'all'.

**** Build Finished ****

**** Clean-only build of configuration Release for project Lab1 ****

"C:\\TI\\ccsv8\\utils\\bin\\gmake" -k clean 
 
DEL /F  "blinky.bin"  "blinky.out" 
DEL /F "gpio_if.obj" "main.obj" "pinmux.obj" "startup_ccs.obj" 
DEL /F "gpio_if.d" "main.d" "pinmux.d" "startup_ccs.d" 
Finished clean
 

**** Build Finished ****

**** Build of configuration Release for project Lab1 ****

"C:\\TI\\ccsv8\\utils\\bin\\gmake" -k all 
 
Building file: "C:/TI/CC3200SDK_1.3.0/cc3200-sdk/example/common/gpio_if.c"
Invoking: ARM Compiler
"C:/TI/ccsv8/tools/compiler/ti-cgt-arm_18.1.4.LTS/bin/armcl" -mv7M4 --code_state=16 --float_support=vfplib -me -Ooff --include_path="C:/TI/ccsv8/tools/compiler/ti-cgt-arm_18.1.4.LTS/include" --include_path="C:/TI/CC3200SDK_1.3.0/cc3200-sdk/example/common" --include_path="C:/TI/CC3200SDK_1.3.0/cc3200-sdk/driverlib" --include_path="C:/TI/CC3200SDK_1.3.0/cc3200-sdk/inc" --define=ccs --define=NON_NETWORK --define=cc3200 -g --gcc --diag_warning=225 --diag_wrap=off --display_error_number --abi=eabi --preproc_with_compile --preproc_dependency="gpio_if.d_raw"  "C:/TI/CC3200SDK_1.3.0/cc3200-sdk/example/common/gpio_if.c"
Finished building: "C:/TI/CC3200SDK_1.3.0/cc3200-sdk/example/common/gpio_if.c"
 
Building file: "../main.c"
Invoking: ARM Compiler
"C:/TI/ccsv8/tools/compiler/ti-cgt-arm_18.1.4.LTS/bin/armcl" -mv7M4 --code_state=16 --float_support=vfplib -me -Ooff --include_path="C:/TI/ccsv8/tools/compiler/ti-cgt-arm_18.1.4.LTS/include" --include_path="C:/TI/CC3200SDK_1.3.0/cc3200-sdk/example/common" --include_path="C:/TI/CC3200SDK_1.3.0/cc3200-sdk/driverlib" --include_path="C:/TI/CC3200SDK_1.3.0/cc3200-sdk/inc" --define=ccs --define=NON_NETWORK --define=cc3200 -g --gcc --diag_warning=225 --diag_wrap=off --display_error_number --abi=eabi --preproc_with_compile --preproc_dependency="main.d_raw"  "../main.c"
Finished building: "../main.c"
 
Building file: "../pin_mux_config.c"
Invoking: ARM Compiler
"C:/TI/ccsv8/tools/compiler/ti-cgt-arm_18.1.4.LTS/bin/armcl" -mv7M4 --code_state=16 --float_support=vfplib -me -Ooff --include_path="C:/TI/ccsv8/tools/compiler/ti-cgt-arm_18.1.4.LTS/include" --include_path="C:/TI/CC3200SDK_1.3.0/cc3200-sdk/example/common" --include_path="C:/TI/CC3200SDK_1.3.0/cc3200-sdk/driverlib" --include_path="C:/TI/CC3200SDK_1.3.0/cc3200-sdk/inc" --define=ccs --define=NON_NETWORK --define=cc3200 -g --gcc --diag_warning=225 --diag_wrap=off --display_error_number --abi=eabi --preproc_with_compile --preproc_dependency="pin_mux_config.d_raw"  "../pin_mux_config.c"
Finished building: "../pin_mux_config.c"
 
Building file: "C:/TI/CC3200SDK_1.3.0/cc3200-sdk/example/common/startup_ccs.c"
Invoking: ARM Compiler
"C:/TI/ccsv8/tools/compiler/ti-cgt-arm_18.1.4.LTS/bin/armcl" -mv7M4 --code_state=16 --float_support=vfplib -me -Ooff --include_path="C:/TI/ccsv8/tools/compiler/ti-cgt-arm_18.1.4.LTS/include" --include_path="C:/TI/CC3200SDK_1.3.0/cc3200-sdk/example/common" --include_path="C:/TI/CC3200SDK_1.3.0/cc3200-sdk/driverlib" --include_path="C:/TI/CC3200SDK_1.3.0/cc3200-sdk/inc" --define=ccs --define=NON_NETWORK --define=cc3200 -g --gcc --diag_warning=225 --diag_wrap=off --display_error_number --abi=eabi --preproc_with_compile --preproc_dependency="startup_ccs.d_raw"  "C:/TI/CC3200SDK_1.3.0/cc3200-sdk/example/common/startup_ccs.c"
Finished building: "C:/TI/CC3200SDK_1.3.0/cc3200-sdk/example/common/startup_ccs.c"
 
Building target: "Lab1.out"
Invoking: ARM Linker
"C:/TI/ccsv8/tools/compiler/ti-cgt-arm_18.1.4.LTS/bin/armcl" -mv7M4 --code_state=16 --float_support=vfplib -me -Ooff --define=ccs --define=NON_NETWORK --define=cc3200 -g --gcc --diag_warning=225 --diag_wrap=off --display_error_number --abi=eabi -z -m"Lab1.map" --heap_size=0x800 --stack_size=0x800 -i"C:/TI/ccsv8/tools/compiler/ti-cgt-arm_18.1.4.LTS/lib" -i"C:/TI/CC3200SDK_1.3.0/cc3200-sdk/driverlib/ccs/Release" -i"C:/TI/ccsv8/tools/compiler/ti-cgt-arm_18.1.4.LTS/include" --reread_libs --diag_wrap=off --display_error_number --warn_sections --xml_link_info="Lab1_linkInfo.xml" --rom_model -o "Lab1.out" "./gpio_if.obj" "./main.obj" "./pin_mux_config.obj" "./startup_ccs.obj" "../cc3200v1p32.cmd"  -llibc.a -ldriverlib.a 
<Linking>
Finished building target: "Lab1.out"
 
"C:/TI/ccsv8/utils/tiobj2bin/tiobj2bin" "Lab1.out" "Lab1.bin" "C:/TI/ccsv8/tools/compiler/ti-cgt-arm_18.1.4.LTS/bin/armofd" "C:/TI/ccsv8/tools/compiler/ti-cgt-arm_18.1.4.LTS/bin/armhex" "C:/TI/ccsv8/utils/tiobj2bin/mkhex4bin"
 

**** Build Finished ****

**** Build of configuration Release for project Lab1 ****

"C:\\TI\\ccsv8\\utils\\bin\\gmake" -k all 
 
gmake: Nothing to be done for 'all'.

**** Build Finished ****

**** Build of configuration Release for project Lab1 ****

"C:\\TI\\ccsv8\\utils\\bin\\gmake" -k all 
 
Building file: "../main.c"
Invoking: ARM Compiler
"C:/TI/ccsv8/tools/compiler/ti-cgt-arm_18.1.4.LTS/bin/armcl" -mv7M4 --code_state=16 --float_support=vfplib -me -Ooff --include_path="C:/TI/ccsv8/tools/compiler/ti-cgt-arm_18.1.4.LTS/include" --include_path="C:/TI/CC3200SDK_1.3.0/cc3200-sdk/example/common" --include_path="C:/TI/CC3200SDK_1.3.0/cc3200-sdk/driverlib" --include_path="C:/TI/CC3200SDK_1.3.0/cc3200-sdk/inc" --define=ccs --define=NON_NETWORK --define=cc3200 -g --gcc --diag_warning=225 --diag_wrap=off --display_error_number --abi=eabi --preproc_with_compile --preproc_dependency="main.d_raw"  "../main.c"
 
>> Compilation failure
subdir_rules.mk:16: recipe for target 'main.obj' failed
"../main.c", line 133: error #20: identifier "switch_pressed" is undefined
"../main.c", line 133: error #20: identifier "PIN_04" is undefined
2 errors detected in the compilation of "../main.c".
gmake: *** [main.obj] Error 1
gmake: Target 'all' not remade because of errors.

**** Build Finished ****

**** Build of configuration Release for project Lab1 ****

"C:\\TI\\ccsv8\\utils\\bin\\gmake" -k all 
 
Building file: "../main.c"
Invoking: ARM Compiler
"C:/TI/ccsv8/tools/compiler/ti-cgt-arm_18.1.4.LTS/bin/armcl" -mv7M4 --code_state=16 --float_support=vfplib -me -Ooff --include_path="C:/TI/ccsv8/tools/compiler/ti-cgt-arm_18.1.4.LTS/include" --include_path="C:/TI/CC3200SDK_1.3.0/cc3200-sdk/example/common" --include_path="C:/TI/CC3200SDK_1.3.0/cc3200-sdk/driverlib" --include_path="C:/TI/CC3200SDK_1.3.0/cc3200-sdk/inc" --define=ccs --define=NON_NETWORK --define=cc3200 -g --gcc --diag_warning=225 --diag_wrap=off --display_error_number --abi=eabi --preproc_with_compile --preproc_dependency="main.d_raw"  "../main.c"
 
>> Compilation failure
subdir_rules.mk:16: recipe for target 'main.obj' failed
"../main.c", line 133: error #20: identifier "PIN_04" is undefined
1 error detected in the compilation of "../main.c".
gmake: *** [main.obj] Error 1
gmake: Target 'all' not remade because of errors.

**** Build Finished ****

**** Build of configuration Release for project Lab1 ****

"C:\\TI\\ccsv8\\utils\\bin\\gmake" -k all 
 
Building file: "../main.c"
Invoking: ARM Compiler
"C:/TI/ccsv8/tools/compiler/ti-cgt-arm_18.1.4.LTS/bin/armcl" -mv7M4 --code_state=16 --float_support=vfplib -me -Ooff --include_path="C:/TI/ccsv8/tools/compiler/ti-cgt-arm_18.1.4.LTS/include" --include_path="C:/TI/CC3200SDK_1.3.0/cc3200-sdk/example/common" --include_path="C:/TI/CC3200SDK_1.3.0/cc3200-sdk/driverlib" --include_path="C:/TI/CC3200SDK_1.3.0/cc3200-sdk/inc" --define=ccs --define=NON_NETWORK --define=cc3200 -g --gcc --diag_warning=225 --diag_wrap=off --display_error_number --abi=eabi --preproc_with_compile --preproc_dependency="main.d_raw"  "../main.c"
Finished building: "../main.c"
 
Building target: "Lab1.out"
Invoking: ARM Linker
"C:/TI/ccsv8/tools/compiler/ti-cgt-arm_18.1.4.LTS/bin/armcl" -mv7M4 --code_state=16 --float_support=vfplib -me -Ooff --define=ccs --define=NON_NETWORK --define=cc3200 -g --gcc --diag_warning=225 --diag_wrap=off --display_error_number --abi=eabi -z -m"Lab1.map" --heap_size=0x800 --stack_size=0x800 -i"C:/TI/ccsv8/tools/compiler/ti-cgt-arm_18.1.4.LTS/lib" -i"C:/TI/CC3200SDK_1.3.0/cc3200-sdk/driverlib/ccs/Release" -i"C:/TI/ccsv8/tools/compiler/ti-cgt-arm_18.1.4.LTS/include" --reread_libs --diag_wrap=off --display_error_number --warn_sections --xml_link_info="Lab1_linkInfo.xml" --rom_model -o "Lab1.out" "./gpio_if.obj" "./main.obj" "./pin_mux_config.obj" "./startup_ccs.obj" "../cc3200v1p32.cmd"  -llibc.a -ldriverlib.a 
<Linking>
Finished building target: "Lab1.out"
 
"C:/TI/ccsv8/utils/tiobj2bin/tiobj2bin" "Lab1.out" "Lab1.bin" "C:/TI/ccsv8/tools/compiler/ti-cgt-arm_18.1.4.LTS/bin/armofd" "C:/TI/ccsv8/tools/compiler/ti-cgt-arm_18.1.4.LTS/bin/armhex" "C:/TI/ccsv8/utils/tiobj2bin/mkhex4bin"
 

**** Build Finished ****

**** Build of configuration Release for project Lab1 ****

"C:\\TI\\ccsv8\\utils\\bin\\gmake" -k all 
 
gmake: Nothing to be done for 'all'.

**** Build Finished ****

**** Build of configuration Release for project Lab1 ****

"C:\\TI\\ccsv8\\utils\\bin\\gmake" -k all 
 
Building file: "../main.c"
Invoking: ARM Compiler
"C:/TI/ccsv8/tools/compiler/ti-cgt-arm_18.1.4.LTS/bin/armcl" -mv7M4 --code_state=16 --float_support=vfplib -me -Ooff --include_path="C:/TI/ccsv8/tools/compiler/ti-cgt-arm_18.1.4.LTS/include" --include_path="C:/TI/CC3200SDK_1.3.0/cc3200-sdk/example/common" --include_path="C:/TI/CC3200SDK_1.3.0/cc3200-sdk/driverlib" --include_path="C:/TI/CC3200SDK_1.3.0/cc3200-sdk/inc" --define=ccs --define=NON_NETWORK --define=cc3200 -g --gcc --diag_warning=225 --diag_wrap=off --display_error_number --abi=eabi --preproc_with_compile --preproc_dependency="main.d_raw"  "../main.c"
Finished building: "../main.c"
 
Building target: "Lab1.out"
Invoking: ARM Linker
"C:/TI/ccsv8/tools/compiler/ti-cgt-arm_18.1.4.LTS/bin/armcl" -mv7M4 --code_state=16 --float_support=vfplib -me -Ooff --define=ccs --define=NON_NETWORK --define=cc3200 -g --gcc --diag_warning=225 --diag_wrap=off --display_error_number --abi=eabi -z -m"Lab1.map" --heap_size=0x800 --stack_size=0x800 -i"C:/TI/ccsv8/tools/compiler/ti-cgt-arm_18.1.4.LTS/lib" -i"C:/TI/CC3200SDK_1.3.0/cc3200-sdk/driverlib/ccs/Release" -i"C:/TI/ccsv8/tools/compiler/ti-cgt-arm_18.1.4.LTS/include" --reread_libs --diag_wrap=off --display_error_number --warn_sections --xml_link_info="Lab1_linkInfo.xml" --rom_model -o "Lab1.out" "./gpio_if.obj" "./main.obj" "./pin_mux_config.obj" "./startup_ccs.obj" "../cc3200v1p32.cmd"  -llibc.a -ldriverlib.a 
<Linking>
Finished building target: "Lab1.out"
 
"C:/TI/ccsv8/utils/tiobj2bin/tiobj2bin" "Lab1.out" "Lab1.bin" "C:/TI/ccsv8/tools/compiler/ti-cgt-arm_18.1.4.LTS/bin/armofd" "C:/TI/ccsv8/tools/compiler/ti-cgt-arm_18.1.4.LTS/bin/armhex" "C:/TI/ccsv8/utils/tiobj2bin/mkhex4bin"
 

**** Build Finished ****

**** Build of configuration Release for project Lab1 ****

"C:\\TI\\ccsv8\\utils\\bin\\gmake" -k all 
 
gmake: Nothing to be done for 'all'.

**** Build Finished ****

**** Build of configuration Release for project Lab1 ****

"C:\\TI\\ccsv8\\utils\\bin\\gmake" -k all 
 
gmake: Nothing to be done for 'all'.

**** Build Finished ****

**** Build of configuration Release for project Lab1 ****

"C:\\TI\\ccsv8\\utils\\bin\\gmake" -k all 
 
Building file: "../main.c"
Invoking: ARM Compiler
"C:/TI/ccsv8/tools/compiler/ti-cgt-arm_18.1.4.LTS/bin/armcl" -mv7M4 --code_state=16 --float_support=vfplib -me -Ooff --include_path="C:/TI/ccsv8/tools/compiler/ti-cgt-arm_18.1.4.LTS/include" --include_path="C:/TI/CC3200SDK_1.3.0/cc3200-sdk/example/common" --include_path="C:/TI/CC3200SDK_1.3.0/cc3200-sdk/driverlib" --include_path="C:/TI/CC3200SDK_1.3.0/cc3200-sdk/inc" --define=ccs --define=NON_NETWORK --define=cc3200 -g --gcc --diag_warning=225 --diag_wrap=off --display_error_number --abi=eabi --preproc_with_compile --preproc_dependency="main.d_raw"  "../main.c"
Finished building: "../main.c"
 
Building target: "Lab1.out"
Invoking: ARM Linker
"C:/TI/ccsv8/tools/compiler/ti-cgt-arm_18.1.4.LTS/bin/armcl" -mv7M4 --code_state=16 --float_support=vfplib -me -Ooff --define=ccs --define=NON_NETWORK --define=cc3200 -g --gcc --diag_warning=225 --diag_wrap=off --display_error_number --abi=eabi -z -m"Lab1.map" --heap_size=0x800 --stack_size=0x800 -i"C:/TI/ccsv8/tools/compiler/ti-cgt-arm_18.1.4.LTS/lib" -i"C:/TI/CC3200SDK_1.3.0/cc3200-sdk/driverlib/ccs/Release" -i"C:/TI/ccsv8/tools/compiler/ti-cgt-arm_18.1.4.LTS/include" --reread_libs --diag_wrap=off --display_error_number --warn_sections --xml_link_info="Lab1_linkInfo.xml" --rom_model -o "Lab1.out" "./gpio_if.obj" "./main.obj" "./pin_mux_config.obj" "./startup_ccs.obj" "../cc3200v1p32.cmd"  -llibc.a -ldriverlib.a 
<Linking>
Finished building target: "Lab1.out"
 
"C:/TI/ccsv8/utils/tiobj2bin/tiobj2bin" "Lab1.out" "Lab1.bin" "C:/TI/ccsv8/tools/compiler/ti-cgt-arm_18.1.4.LTS/bin/armofd" "C:/TI/ccsv8/tools/compiler/ti-cgt-arm_18.1.4.LTS/bin/armhex" "C:/TI/ccsv8/utils/tiobj2bin/mkhex4bin"
 

**** Build Finished ****

**** Build of configuration Release for project Lab1 ****

"C:\\TI\\ccsv8\\utils\\bin\\gmake" -k all 
 
gmake: Nothing to be done for 'all'.

**** Build Finished ****

**** Build of configuration Release for project Lab1 ****

"C:\\TI\\ccsv8\\utils\\bin\\gmake" -k all 
 
gmake: Nothing to be done for 'all'.

**** Build Finished ****

**** Build of configuration Release for project Lab1 ****

"C:\\TI\\ccsv8\\utils\\bin\\gmake" -k all 
 
Building file: "../main.c"
Invoking: ARM Compiler
"C:/TI/ccsv8/tools/compiler/ti-cgt-arm_18.1.4.LTS/bin/armcl" -mv7M4 --code_state=16 --float_support=vfplib -me -Ooff --include_path="C:/TI/ccsv8/tools/compiler/ti-cgt-arm_18.1.4.LTS/include" --include_path="C:/TI/CC3200SDK_1.3.0/cc3200-sdk/example/common" --include_path="C:/TI/CC3200SDK_1.3.0/cc3200-sdk/driverlib" --include_path="C:/TI/CC3200SDK_1.3.0/cc3200-sdk/inc" --define=ccs --define=NON_NETWORK --define=cc3200 -g --gcc --diag_warning=225 --diag_wrap=off --display_error_number --abi=eabi --preproc_with_compile --preproc_dependency="main.d_raw"  "../main.c"
Finished building: "../main.c"
 
Building target: "Lab1.out"
Invoking: ARM Linker
"C:/TI/ccsv8/tools/compiler/ti-cgt-arm_18.1.4.LTS/bin/armcl" -mv7M4 --code_state=16 --float_support=vfplib -me -Ooff --define=ccs --define=NON_NETWORK --define=cc3200 -g --gcc --diag_warning=225 --diag_wrap=off --display_error_number --abi=eabi -z -m"Lab1.map" --heap_size=0x800 --stack_size=0x800 -i"C:/TI/ccsv8/tools/compiler/ti-cgt-arm_18.1.4.LTS/lib" -i"C:/TI/CC3200SDK_1.3.0/cc3200-sdk/driverlib/ccs/Release" -i"C:/TI/ccsv8/tools/compiler/ti-cgt-arm_18.1.4.LTS/include" --reread_libs --diag_wrap=off --display_error_number --warn_sections --xml_link_info="Lab1_linkInfo.xml" --rom_model -o "Lab1.out" "./gpio_if.obj" "./main.obj" "./pin_mux_config.obj" "./startup_ccs.obj" "../cc3200v1p32.cmd"  -llibc.a -ldriverlib.a 
<Linking>
Finished building target: "Lab1.out"
 
"C:/TI/ccsv8/utils/tiobj2bin/tiobj2bin" "Lab1.out" "Lab1.bin" "C:/TI/ccsv8/tools/compiler/ti-cgt-arm_18.1.4.LTS/bin/armofd" "C:/TI/ccsv8/tools/compiler/ti-cgt-arm_18.1.4.LTS/bin/armhex" "C:/TI/ccsv8/utils/tiobj2bin/mkhex4bin"
 

**** Build Finished ****

**** Build of configuration Release for project Lab1 ****

"C:\\TI\\ccsv8\\utils\\bin\\gmake" -k all 
 
gmake: Nothing to be done for 'all'.

**** Build Finished ****

**** Build of configuration Release for project Lab1 ****

"C:\\TI\\ccsv8\\utils\\bin\\gmake" -k all 
 
Building file: "../main.c"
Invoking: ARM Compiler
"C:/TI/ccsv8/tools/compiler/ti-cgt-arm_18.1.4.LTS/bin/armcl" -mv7M4 --code_state=16 --float_support=vfplib -me -Ooff --include_path="C:/TI/ccsv8/tools/compiler/ti-cgt-arm_18.1.4.LTS/include" --include_path="C:/TI/CC3200SDK_1.3.0/cc3200-sdk/example/common" --include_path="C:/TI/CC3200SDK_1.3.0/cc3200-sdk/driverlib" --include_path="C:/TI/CC3200SDK_1.3.0/cc3200-sdk/inc" --define=ccs --define=NON_NETWORK --define=cc3200 -g --gcc --diag_warning=225 --diag_wrap=off --display_error_number --abi=eabi --preproc_with_compile --preproc_dependency="main.d_raw"  "../main.c"
Finished building: "../main.c"
 
Building target: "Lab1.out"
Invoking: ARM Linker
"C:/TI/ccsv8/tools/compiler/ti-cgt-arm_18.1.4.LTS/bin/armcl" -mv7M4 --code_state=16 --float_support=vfplib -me -Ooff --define=ccs --define=NON_NETWORK --define=cc3200 -g --gcc --diag_warning=225 --diag_wrap=off --display_error_number --abi=eabi -z -m"Lab1.map" --heap_size=0x800 --stack_size=0x800 -i"C:/TI/ccsv8/tools/compiler/ti-cgt-arm_18.1.4.LTS/lib" -i"C:/TI/CC3200SDK_1.3.0/cc3200-sdk/driverlib/ccs/Release" -i"C:/TI/ccsv8/tools/compiler/ti-cgt-arm_18.1.4.LTS/include" --reread_libs --diag_wrap=off --display_error_number --warn_sections --xml_link_info="Lab1_linkInfo.xml" --rom_model -o "Lab1.out" "./gpio_if.obj" "./main.obj" "./pin_mux_config.obj" "./startup_ccs.obj" "../cc3200v1p32.cmd"  -llibc.a -ldriverlib.a 
<Linking>
Finished building target: "Lab1.out"
 
"C:/TI/ccsv8/utils/tiobj2bin/tiobj2bin" "Lab1.out" "Lab1.bin" "C:/TI/ccsv8/tools/compiler/ti-cgt-arm_18.1.4.LTS/bin/armofd" "C:/TI/ccsv8/tools/compiler/ti-cgt-arm_18.1.4.LTS/bin/armhex" "C:/TI/ccsv8/utils/tiobj2bin/mkhex4bin"
 

**** Build Finished ****

**** Build of configuration Release for project Lab1 ****

"C:\\TI\\ccsv8\\utils\\bin\\gmake" -k all 
 
gmake: Nothing to be done for 'all'.

**** Build Finished ****

**** Build of configuration Release for project Lab1 ****

"C:\\TI\\ccsv8\\utils\\bin\\gmake" -k all 
 
gmake: Nothing to be done for 'all'.

**** Build Finished ****

**** Build of configuration Release for project Lab1 ****

"C:\\TI\\ccsv8\\utils\\bin\\gmake" -k all 
 
Building file: "../main.c"
Invoking: ARM Compiler
"C:/TI/ccsv8/tools/compiler/ti-cgt-arm_18.1.4.LTS/bin/armcl" -mv7M4 --code_state=16 --float_support=vfplib -me -Ooff --include_path="C:/TI/ccsv8/tools/compiler/ti-cgt-arm_18.1.4.LTS/include" --include_path="C:/TI/CC3200SDK_1.3.0/cc3200-sdk/example/common" --include_path="C:/TI/CC3200SDK_1.3.0/cc3200-sdk/driverlib" --include_path="C:/TI/CC3200SDK_1.3.0/cc3200-sdk/inc" --define=ccs --define=NON_NETWORK --define=cc3200 -g --gcc --diag_warning=225 --diag_wrap=off --display_error_number --abi=eabi --preproc_with_compile --preproc_dependency="main.d_raw"  "../main.c"
Finished building: "../main.c"
 
Building target: "Lab1.out"
Invoking: ARM Linker
"C:/TI/ccsv8/tools/compiler/ti-cgt-arm_18.1.4.LTS/bin/armcl" -mv7M4 --code_state=16 --float_support=vfplib -me -Ooff --define=ccs --define=NON_NETWORK --define=cc3200 -g --gcc --diag_warning=225 --diag_wrap=off --display_error_number --abi=eabi -z -m"Lab1.map" --heap_size=0x800 --stack_size=0x800 -i"C:/TI/ccsv8/tools/compiler/ti-cgt-arm_18.1.4.LTS/lib" -i"C:/TI/CC3200SDK_1.3.0/cc3200-sdk/driverlib/ccs/Release" -i"C:/TI/ccsv8/tools/compiler/ti-cgt-arm_18.1.4.LTS/include" --reread_libs --diag_wrap=off --display_error_number --warn_sections --xml_link_info="Lab1_linkInfo.xml" --rom_model -o "Lab1.out" "./gpio_if.obj" "./main.obj" "./pin_mux_config.obj" "./startup_ccs.obj" "../cc3200v1p32.cmd"  -llibc.a -ldriverlib.a 
<Linking>
Finished building target: "Lab1.out"
 
"C:/TI/ccsv8/utils/tiobj2bin/tiobj2bin" "Lab1.out" "Lab1.bin" "C:/TI/ccsv8/tools/compiler/ti-cgt-arm_18.1.4.LTS/bin/armofd" "C:/TI/ccsv8/tools/compiler/ti-cgt-arm_18.1.4.LTS/bin/armhex" "C:/TI/ccsv8/utils/tiobj2bin/mkhex4bin"
 

**** Build Finished ****

**** Build of configuration Release for project Lab1 ****

"C:\\TI\\ccsv8\\utils\\bin\\gmake" -k all 
 
gmake: Nothing to be done for 'all'.

**** Build Finished ****

**** Build of configuration Release for project Lab1 ****

"C:\\TI\\ccsv8\\utils\\bin\\gmake" -k all 
 
Building file: "../main.c"
Invoking: ARM Compiler
"C:/TI/ccsv8/tools/compiler/ti-cgt-arm_18.1.4.LTS/bin/armcl" -mv7M4 --code_state=16 --float_support=vfplib -me -Ooff --include_path="C:/TI/ccsv8/tools/compiler/ti-cgt-arm_18.1.4.LTS/include" --include_path="C:/TI/CC3200SDK_1.3.0/cc3200-sdk/example/common" --include_path="C:/TI/CC3200SDK_1.3.0/cc3200-sdk/driverlib" --include_path="C:/TI/CC3200SDK_1.3.0/cc3200-sdk/inc" --define=ccs --define=NON_NETWORK --define=cc3200 -g --gcc --diag_warning=225 --diag_wrap=off --display_error_number --abi=eabi --preproc_with_compile --preproc_dependency="main.d_raw"  "../main.c"
Finished building: "../main.c"
 
Building target: "Lab1.out"
Invoking: ARM Linker
"C:/TI/ccsv8/tools/compiler/ti-cgt-arm_18.1.4.LTS/bin/armcl" -mv7M4 --code_state=16 --float_support=vfplib -me -Ooff --define=ccs --define=NON_NETWORK --define=cc3200 -g --gcc --diag_warning=225 --diag_wrap=off --display_error_number --abi=eabi -z -m"Lab1.map" --heap_size=0x800 --stack_size=0x800 -i"C:/TI/ccsv8/tools/compiler/ti-cgt-arm_18.1.4.LTS/lib" -i"C:/TI/CC3200SDK_1.3.0/cc3200-sdk/driverlib/ccs/Release" -i"C:/TI/ccsv8/tools/compiler/ti-cgt-arm_18.1.4.LTS/include" --reread_libs --diag_wrap=off --display_error_number --warn_sections --xml_link_info="Lab1_linkInfo.xml" --rom_model -o "Lab1.out" "./gpio_if.obj" "./main.obj" "./pin_mux_config.obj" "./startup_ccs.obj" "../cc3200v1p32.cmd"  -llibc.a -ldriverlib.a 
<Linking>
Finished building target: "Lab1.out"
 
"C:/TI/ccsv8/utils/tiobj2bin/tiobj2bin" "Lab1.out" "Lab1.bin" "C:/TI/ccsv8/tools/compiler/ti-cgt-arm_18.1.4.LTS/bin/armofd" "C:/TI/ccsv8/tools/compiler/ti-cgt-arm_18.1.4.LTS/bin/armhex" "C:/TI/ccsv8/utils/tiobj2bin/mkhex4bin"
 

**** Build Finished ****

**** Build of configuration Release for project Lab1 ****

"C:\\TI\\ccsv8\\utils\\bin\\gmake" -k all 
 
Building file: "../main.c"
Invoking: ARM Compiler
"C:/TI/ccsv8/tools/compiler/ti-cgt-arm_18.1.4.LTS/bin/armcl" -mv7M4 --code_state=16 --float_support=vfplib -me -Ooff --include_path="C:/TI/ccsv8/tools/compiler/ti-cgt-arm_18.1.4.LTS/include" --include_path="C:/TI/CC3200SDK_1.3.0/cc3200-sdk/example/common" --include_path="C:/TI/CC3200SDK_1.3.0/cc3200-sdk/driverlib" --include_path="C:/TI/CC3200SDK_1.3.0/cc3200-sdk/inc" --define=ccs --define=NON_NETWORK --define=cc3200 -g --gcc --diag_warning=225 --diag_wrap=off --display_error_number --abi=eabi --preproc_with_compile --preproc_dependency="main.d_raw"  "../main.c"
 
>> Compilation failure
subdir_rules.mk:16: recipe for target 'main.obj' failed
"../main.c", line 130: error #20: identifier "SwitchState" is undefined
"../main.c", line 130: error #66: expected a ";"
"../main.c", line 141: error #20: identifier "state" is undefined
3 errors detected in the compilation of "../main.c".
gmake: *** [main.obj] Error 1
gmake: Target 'all' not remade because of errors.

**** Build Finished ****

**** Build of configuration Release for project Lab1 ****

"C:\\TI\\ccsv8\\utils\\bin\\gmake" -k all 
 
Building file: "../main.c"
Invoking: ARM Compiler
"C:/TI/ccsv8/tools/compiler/ti-cgt-arm_18.1.4.LTS/bin/armcl" -mv7M4 --code_state=16 --float_support=vfplib -me -Ooff --include_path="C:/TI/ccsv8/tools/compiler/ti-cgt-arm_18.1.4.LTS/include" --include_path="C:/TI/CC3200SDK_1.3.0/cc3200-sdk/example/common" --include_path="C:/TI/CC3200SDK_1.3.0/cc3200-sdk/driverlib" --include_path="C:/TI/CC3200SDK_1.3.0/cc3200-sdk/inc" --define=ccs --define=NON_NETWORK --define=cc3200 -g --gcc --diag_warning=225 --diag_wrap=off --display_error_number --abi=eabi --preproc_with_compile --preproc_dependency="main.d_raw"  "../main.c"
Finished building: "../main.c"
 
Building target: "Lab1.out"
Invoking: ARM Linker
"C:/TI/ccsv8/tools/compiler/ti-cgt-arm_18.1.4.LTS/bin/armcl" -mv7M4 --code_state=16 --float_support=vfplib -me -Ooff --define=ccs --define=NON_NETWORK --define=cc3200 -g --gcc --diag_warning=225 --diag_wrap=off --display_error_number --abi=eabi -z -m"Lab1.map" --heap_size=0x800 --stack_size=0x800 -i"C:/TI/ccsv8/tools/compiler/ti-cgt-arm_18.1.4.LTS/lib" -i"C:/TI/CC3200SDK_1.3.0/cc3200-sdk/driverlib/ccs/Release" -i"C:/TI/ccsv8/tools/compiler/ti-cgt-arm_18.1.4.LTS/include" --reread_libs --diag_wrap=off --display_error_number --warn_sections --xml_link_info="Lab1_linkInfo.xml" --rom_model -o "Lab1.out" "./gpio_if.obj" "./main.obj" "./pin_mux_config.obj" "./startup_ccs.obj" "../cc3200v1p32.cmd"  -llibc.a -ldriverlib.a 
<Linking>
Finished building target: "Lab1.out"
 
"C:/TI/ccsv8/utils/tiobj2bin/tiobj2bin" "Lab1.out" "Lab1.bin" "C:/TI/ccsv8/tools/compiler/ti-cgt-arm_18.1.4.LTS/bin/armofd" "C:/TI/ccsv8/tools/compiler/ti-cgt-arm_18.1.4.LTS/bin/armhex" "C:/TI/ccsv8/utils/tiobj2bin/mkhex4bin"
 

**** Build Finished ****

**** Build of configuration Release for project Lab1 ****

"C:\\TI\\ccsv8\\utils\\bin\\gmake" -k all 
 
Building file: "../main.c"
Invoking: ARM Compiler
"C:/TI/ccsv8/tools/compiler/ti-cgt-arm_18.1.4.LTS/bin/armcl" -mv7M4 --code_state=16 --float_support=vfplib -me -Ooff --include_path="C:/TI/ccsv8/tools/compiler/ti-cgt-arm_18.1.4.LTS/include" --include_path="C:/TI/CC3200SDK_1.3.0/cc3200-sdk/example/common" --include_path="C:/TI/CC3200SDK_1.3.0/cc3200-sdk/driverlib" --include_path="C:/TI/CC3200SDK_1.3.0/cc3200-sdk/inc" --define=ccs --define=NON_NETWORK --define=cc3200 -g --gcc --diag_warning=225 --diag_wrap=off --display_error_number --abi=eabi --preproc_with_compile --preproc_dependency="main.d_raw"  "../main.c"
Finished building: "../main.c"
 
Building target: "Lab1.out"
Invoking: ARM Linker
"C:/TI/ccsv8/tools/compiler/ti-cgt-arm_18.1.4.LTS/bin/armcl" -mv7M4 --code_state=16 --float_support=vfplib -me -Ooff --define=ccs --define=NON_NETWORK --define=cc3200 -g --gcc --diag_warning=225 --diag_wrap=off --display_error_number --abi=eabi -z -m"Lab1.map" --heap_size=0x800 --stack_size=0x800 -i"C:/TI/ccsv8/tools/compiler/ti-cgt-arm_18.1.4.LTS/lib" -i"C:/TI/CC3200SDK_1.3.0/cc3200-sdk/driverlib/ccs/Release" -i"C:/TI/ccsv8/tools/compiler/ti-cgt-arm_18.1.4.LTS/include" --reread_libs --diag_wrap=off --display_error_number --warn_sections --xml_link_info="Lab1_linkInfo.xml" --rom_model -o "Lab1.out" "./gpio_if.obj" "./main.obj" "./pin_mux_config.obj" "./startup_ccs.obj" "../cc3200v1p32.cmd"  -llibc.a -ldriverlib.a 
<Linking>
Finished building target: "Lab1.out"
 
"C:/TI/ccsv8/utils/tiobj2bin/tiobj2bin" "Lab1.out" "Lab1.bin" "C:/TI/ccsv8/tools/compiler/ti-cgt-arm_18.1.4.LTS/bin/armofd" "C:/TI/ccsv8/tools/compiler/ti-cgt-arm_18.1.4.LTS/bin/armhex" "C:/TI/ccsv8/utils/tiobj2bin/mkhex4bin"
 

**** Build Finished ****

**** Build of configuration Release for project Lab1 ****

"C:\\TI\\ccsv8\\utils\\bin\\gmake" -k all 
 
gmake: Nothing to be done for 'all'.

**** Build Finished ****

**** Build of configuration Release for project Lab1 ****

"C:\\TI\\ccsv8\\utils\\bin\\gmake" -k all 
 
gmake: Nothing to be done for 'all'.

**** Build Finished ****

**** Build of configuration Release for project Lab1 ****

"C:\\TI\\ccsv8\\utils\\bin\\gmake" -k all 
 
gmake: Nothing to be done for 'all'.

**** Build Finished ****

**** Build of configuration Release for project Lab1 ****

"C:\\TI\\ccsv8\\utils\\bin\\gmake" -k all 
 
Building file: "../main.c"
Invoking: ARM Compiler
"C:/TI/ccsv8/tools/compiler/ti-cgt-arm_18.1.4.LTS/bin/armcl" -mv7M4 --code_state=16 --float_support=vfplib -me -Ooff --include_path="C:/TI/ccsv8/tools/compiler/ti-cgt-arm_18.1.4.LTS/include" --include_path="C:/TI/CC3200SDK_1.3.0/cc3200-sdk/example/common" --include_path="C:/TI/CC3200SDK_1.3.0/cc3200-sdk/driverlib" --include_path="C:/TI/CC3200SDK_1.3.0/cc3200-sdk/inc" --define=ccs --define=NON_NETWORK --define=cc3200 -g --gcc --diag_warning=225 --diag_wrap=off --display_error_number --abi=eabi --preproc_with_compile --preproc_dependency="main.d_raw"  "../main.c"
Finished building: "../main.c"
 
Building target: "Lab1.out"
Invoking: ARM Linker
"C:/TI/ccsv8/tools/compiler/ti-cgt-arm_18.1.4.LTS/bin/armcl" -mv7M4 --code_state=16 --float_support=vfplib -me -Ooff --define=ccs --define=NON_NETWORK --define=cc3200 -g --gcc --diag_warning=225 --diag_wrap=off --display_error_number --abi=eabi -z -m"Lab1.map" --heap_size=0x800 --stack_size=0x800 -i"C:/TI/ccsv8/tools/compiler/ti-cgt-arm_18.1.4.LTS/lib" -i"C:/TI/CC3200SDK_1.3.0/cc3200-sdk/driverlib/ccs/Release" -i"C:/TI/ccsv8/tools/compiler/ti-cgt-arm_18.1.4.LTS/include" --reread_libs --diag_wrap=off --display_error_number --warn_sections --xml_link_info="Lab1_linkInfo.xml" --rom_model -o "Lab1.out" "./gpio_if.obj" "./main.obj" "./pin_mux_config.obj" "./startup_ccs.obj" "../cc3200v1p32.cmd"  -llibc.a -ldriverlib.a 
<Linking>
Finished building target: "Lab1.out"
 
"C:/TI/ccsv8/utils/tiobj2bin/tiobj2bin" "Lab1.out" "Lab1.bin" "C:/TI/ccsv8/tools/compiler/ti-cgt-arm_18.1.4.LTS/bin/armofd" "C:/TI/ccsv8/tools/compiler/ti-cgt-arm_18.1.4.LTS/bin/armhex" "C:/TI/ccsv8/utils/tiobj2bin/mkhex4bin"
 

**** Build Finished ****

**** Build of configuration Release for project Lab1 ****

"C:\\TI\\ccsv8\\utils\\bin\\gmake" -k all 
 
gmake: Nothing to be done for 'all'.

**** Build Finished ****

**** Build of configuration Release for project Lab1 ****

"C:\\TI\\ccsv8\\utils\\bin\\gmake" -k all 
 
gmake: Nothing to be done for 'all'.

**** Build Finished ****

**** Build of configuration Release for project Lab1 ****

"C:\\TI\\ccsv8\\utils\\bin\\gmake" -k all 
 
gmake: Nothing to be done for 'all'.

**** Build Finished ****

**** Build of configuration Release for project Lab1 ****

"C:\\TI\\ccsv8\\utils\\bin\\gmake" -k all 
 
gmake: Nothing to be done for 'all'.

**** Build Finished ****

**** Build of configuration Release for project Lab1 ****

"C:\\TI\\ccsv8\\utils\\bin\\gmake" -k all 
 
Building file: "../main.c"
Invoking: ARM Compiler
"C:/TI/ccsv8/tools/compiler/ti-cgt-arm_18.1.4.LTS/bin/armcl" -mv7M4 --code_state=16 --float_support=vfplib -me -Ooff --include_path="C:/TI/ccsv8/tools/compiler/ti-cgt-arm_18.1.4.LTS/include" --include_path="C:/TI/CC3200SDK_1.3.0/cc3200-sdk/example/common" --include_path="C:/TI/CC3200SDK_1.3.0/cc3200-sdk/driverlib" --include_path="C:/TI/CC3200SDK_1.3.0/cc3200-sdk/inc" --define=ccs --define=NON_NETWORK --define=cc3200 -g --gcc --diag_warning=225 --diag_wrap=off --display_error_number --abi=eabi --preproc_with_compile --preproc_dependency="main.d_raw"  "../main.c"
Finished building: "../main.c"
 
Building target: "Lab1.out"
Invoking: ARM Linker
"C:/TI/ccsv8/tools/compiler/ti-cgt-arm_18.1.4.LTS/bin/armcl" -mv7M4 --code_state=16 --float_support=vfplib -me -Ooff --define=ccs --define=NON_NETWORK --define=cc3200 -g --gcc --diag_warning=225 --diag_wrap=off --display_error_number --abi=eabi -z -m"Lab1.map" --heap_size=0x800 --stack_size=0x800 -i"C:/TI/ccsv8/tools/compiler/ti-cgt-arm_18.1.4.LTS/lib" -i"C:/TI/CC3200SDK_1.3.0/cc3200-sdk/driverlib/ccs/Release" -i"C:/TI/ccsv8/tools/compiler/ti-cgt-arm_18.1.4.LTS/include" --reread_libs --diag_wrap=off --display_error_number --warn_sections --xml_link_info="Lab1_linkInfo.xml" --rom_model -o "Lab1.out" "./gpio_if.obj" "./main.obj" "./pin_mux_config.obj" "./startup_ccs.obj" "../cc3200v1p32.cmd"  -llibc.a -ldriverlib.a 
<Linking>
Finished building target: "Lab1.out"
 
"C:/TI/ccsv8/utils/tiobj2bin/tiobj2bin" "Lab1.out" "Lab1.bin" "C:/TI/ccsv8/tools/compiler/ti-cgt-arm_18.1.4.LTS/bin/armofd" "C:/TI/ccsv8/tools/compiler/ti-cgt-arm_18.1.4.LTS/bin/armhex" "C:/TI/ccsv8/utils/tiobj2bin/mkhex4bin"
 

**** Build Finished ****

**** Build of configuration Release for project Lab1 ****

"C:\\TI\\ccsv8\\utils\\bin\\gmake" -k all 
 
gmake: Nothing to be done for 'all'.

**** Build Finished ****

**** Build of configuration Release for project Lab1 ****

"C:\\TI\\ccsv8\\utils\\bin\\gmake" -k all 
 
Building file: "../main.c"
Invoking: ARM Compiler
"C:/TI/ccsv8/tools/compiler/ti-cgt-arm_18.1.4.LTS/bin/armcl" -mv7M4 --code_state=16 --float_support=vfplib -me -Ooff --include_path="C:/TI/ccsv8/tools/compiler/ti-cgt-arm_18.1.4.LTS/include" --include_path="C:/TI/CC3200SDK_1.3.0/cc3200-sdk/example/common" --include_path="C:/TI/CC3200SDK_1.3.0/cc3200-sdk/driverlib" --include_path="C:/TI/CC3200SDK_1.3.0/cc3200-sdk/inc" --define=ccs --define=NON_NETWORK --define=cc3200 -g --gcc --diag_warning=225 --diag_wrap=off --display_error_number --abi=eabi --preproc_with_compile --preproc_dependency="main.d_raw"  "../main.c"
Finished building: "../main.c"
 
Building target: "Lab1.out"
Invoking: ARM Linker
"C:/TI/ccsv8/tools/compiler/ti-cgt-arm_18.1.4.LTS/bin/armcl" -mv7M4 --code_state=16 --float_support=vfplib -me -Ooff --define=ccs --define=NON_NETWORK --define=cc3200 -g --gcc --diag_warning=225 --diag_wrap=off --display_error_number --abi=eabi -z -m"Lab1.map" --heap_size=0x800 --stack_size=0x800 -i"C:/TI/ccsv8/tools/compiler/ti-cgt-arm_18.1.4.LTS/lib" -i"C:/TI/CC3200SDK_1.3.0/cc3200-sdk/driverlib/ccs/Release" -i"C:/TI/ccsv8/tools/compiler/ti-cgt-arm_18.1.4.LTS/include" --reread_libs --diag_wrap=off --display_error_number --warn_sections --xml_link_info="Lab1_linkInfo.xml" --rom_model -o "Lab1.out" "./gpio_if.obj" "./main.obj" "./pin_mux_config.obj" "./startup_ccs.obj" "../cc3200v1p32.cmd"  -llibc.a -ldriverlib.a 
<Linking>
Finished building target: "Lab1.out"
 
"C:/TI/ccsv8/utils/tiobj2bin/tiobj2bin" "Lab1.out" "Lab1.bin" "C:/TI/ccsv8/tools/compiler/ti-cgt-arm_18.1.4.LTS/bin/armofd" "C:/TI/ccsv8/tools/compiler/ti-cgt-arm_18.1.4.LTS/bin/armhex" "C:/TI/ccsv8/utils/tiobj2bin/mkhex4bin"
 

**** Build Finished ****

**** Build of configuration Release for project Lab1 ****

"C:\\TI\\ccsv8\\utils\\bin\\gmake" -k all 
 
gmake: Nothing to be done for 'all'.

**** Build Finished ****

**** Build of configuration Release for project Lab1 ****

"C:\\TI\\ccsv8\\utils\\bin\\gmake" -k all 
 
gmake: Nothing to be done for 'all'.

**** Build Finished ****

**** Build of configuration Release for project Lab1 ****

"C:\\TI\\ccsv8\\utils\\bin\\gmake" -k all 
 
Building file: "../main.c"
Invoking: ARM Compiler
"C:/TI/ccsv8/tools/compiler/ti-cgt-arm_18.1.4.LTS/bin/armcl" -mv7M4 --code_state=16 --float_support=vfplib -me -Ooff --include_path="C:/TI/ccsv8/tools/compiler/ti-cgt-arm_18.1.4.LTS/include" --include_path="C:/TI/CC3200SDK_1.3.0/cc3200-sdk/example/common" --include_path="C:/TI/CC3200SDK_1.3.0/cc3200-sdk/driverlib" --include_path="C:/TI/CC3200SDK_1.3.0/cc3200-sdk/inc" --define=ccs --define=NON_NETWORK --define=cc3200 -g --gcc --diag_warning=225 --diag_wrap=off --display_error_number --abi=eabi --preproc_with_compile --preproc_dependency="main.d_raw"  "../main.c"
Finished building: "../main.c"
 
Building target: "Lab1.out"
Invoking: ARM Linker
"C:/TI/ccsv8/tools/compiler/ti-cgt-arm_18.1.4.LTS/bin/armcl" -mv7M4 --code_state=16 --float_support=vfplib -me -Ooff --define=ccs --define=NON_NETWORK --define=cc3200 -g --gcc --diag_warning=225 --diag_wrap=off --display_error_number --abi=eabi -z -m"Lab1.map" --heap_size=0x800 --stack_size=0x800 -i"C:/TI/ccsv8/tools/compiler/ti-cgt-arm_18.1.4.LTS/lib" -i"C:/TI/CC3200SDK_1.3.0/cc3200-sdk/driverlib/ccs/Release" -i"C:/TI/ccsv8/tools/compiler/ti-cgt-arm_18.1.4.LTS/include" --reread_libs --diag_wrap=off --display_error_number --warn_sections --xml_link_info="Lab1_linkInfo.xml" --rom_model -o "Lab1.out" "./gpio_if.obj" "./main.obj" "./pin_mux_config.obj" "./startup_ccs.obj" "../cc3200v1p32.cmd"  -llibc.a -ldriverlib.a 
<Linking>
 
 undefined first referenced
  symbol       in file     
 --------- ----------------
 ClearTerm ./main.obj      
 InitTerm  ./main.obj      
 Message   ./main.obj      
 
error #10234-D: unresolved symbols remain
error #10010: errors encountered during linking; "Lab1.out" not built
 
>> Compilation failure
makefile:144: recipe for target 'Lab1.out' failed
gmake: *** [Lab1.out] Error 1
gmake: Target 'all' not remade because of errors.

**** Build Finished ****

**** Build of configuration Release for project Lab1 ****

"C:\\TI\\ccsv8\\utils\\bin\\gmake" -k all 
 
Building target: "Lab1.out"
Invoking: ARM Linker
"C:/TI/ccsv8/tools/compiler/ti-cgt-arm_18.1.4.LTS/bin/armcl" -mv7M4 --code_state=16 --float_support=vfplib -me -Ooff --define=ccs --define=NON_NETWORK --define=cc3200 -g --gcc --diag_warning=225 --diag_wrap=off --display_error_number --abi=eabi -z -m"Lab1.map" --heap_size=0x800 --stack_size=0x800 -i"C:/TI/ccsv8/tools/compiler/ti-cgt-arm_18.1.4.LTS/lib" -i"C:/TI/CC3200SDK_1.3.0/cc3200-sdk/driverlib/ccs/Release" -i"C:/TI/ccsv8/tools/compiler/ti-cgt-arm_18.1.4.LTS/include" --reread_libs --diag_wrap=off --display_error_number --warn_sections --xml_link_info="Lab1_linkInfo.xml" --rom_model -o "Lab1.out" "./gpio_if.obj" "./main.obj" "./pin_mux_config.obj" "./startup_ccs.obj" "../cc3200v1p32.cmd"  -llibc.a -ldriverlib.a 
<Linking>
 
 undefined first referenced
  symbol       in file     
 --------- ----------------
 ClearTerm ./main.obj      
 InitTerm  ./main.obj      
 Message   ./main.obj      
 
error #10234-D: unresolved symbols remain
error #10010: errors encountered during linking; "Lab1.out" not built
 
>> Compilation failure
makefile:144: recipe for target 'Lab1.out' failed
gmake: *** [Lab1.out] Error 1
gmake: Target 'all' not remade because of errors.

**** Build Finished ****

**** Build of configuration Release for project Lab1 ****

"C:\\TI\\ccsv8\\utils\\bin\\gmake" -k all 
 
Building target: "Lab1.out"
Invoking: ARM Linker
"C:/TI/ccsv8/tools/compiler/ti-cgt-arm_18.1.4.LTS/bin/armcl" -mv7M4 --code_state=16 --float_support=vfplib -me -Ooff --define=ccs --define=NON_NETWORK --define=cc3200 -g --gcc --diag_warning=225 --diag_wrap=off --display_error_number --abi=eabi -z -m"Lab1.map" --heap_size=0x800 --stack_size=0x800 -i"C:/TI/ccsv8/tools/compiler/ti-cgt-arm_18.1.4.LTS/lib" -i"C:/TI/CC3200SDK_1.3.0/cc3200-sdk/driverlib/ccs/Release" -i"C:/TI/ccsv8/tools/compiler/ti-cgt-arm_18.1.4.LTS/include" --reread_libs --diag_wrap=off --display_error_number --warn_sections --xml_link_info="Lab1_linkInfo.xml" --rom_model -o "Lab1.out" "./gpio_if.obj" "./main.obj" "./pin_mux_config.obj" "./startup_ccs.obj" "../cc3200v1p32.cmd"  -llibc.a -ldriverlib.a 
<Linking>
 
 undefined first referenced
  symbol       in file     
 --------- ----------------
 ClearTerm ./main.obj      
 InitTerm  ./main.obj      
 Message   ./main.obj      
 
error #10234-D: unresolved symbols remain
error #10010: errors encountered during linking; "Lab1.out" not built
 
>> Compilation failure
makefile:144: recipe for target 'Lab1.out' failed
gmake: *** [Lab1.out] Error 1
gmake: Target 'all' not remade because of errors.

**** Build Finished ****

**** Build of configuration Release for project Lab1 ****

"C:\\TI\\ccsv8\\utils\\bin\\gmake" -k all 
 
Building file: "C:/TI/CC3200SDK_1.3.0/cc3200-sdk/example/common/uart_if.c"
Invoking: ARM Compiler
"C:/TI/ccsv8/tools/compiler/ti-cgt-arm_18.1.4.LTS/bin/armcl" -mv7M4 --code_state=16 --float_support=vfplib -me -Ooff --include_path="C:/TI/ccsv8/tools/compiler/ti-cgt-arm_18.1.4.LTS/include" --include_path="C:/TI/CC3200SDK_1.3.0/cc3200-sdk/example/common" --include_path="C:/TI/CC3200SDK_1.3.0/cc3200-sdk/driverlib" --include_path="C:/TI/CC3200SDK_1.3.0/cc3200-sdk/inc" --define=ccs --define=NON_NETWORK --define=cc3200 -g --gcc --diag_warning=225 --diag_wrap=off --display_error_number --abi=eabi --preproc_with_compile --preproc_dependency="uart_if.d_raw"  "C:/TI/CC3200SDK_1.3.0/cc3200-sdk/example/common/uart_if.c"
Finished building: "C:/TI/CC3200SDK_1.3.0/cc3200-sdk/example/common/uart_if.c"
 
Building target: "Lab1.out"
Invoking: ARM Linker
"C:/TI/ccsv8/tools/compiler/ti-cgt-arm_18.1.4.LTS/bin/armcl" -mv7M4 --code_state=16 --float_support=vfplib -me -Ooff --define=ccs --define=NON_NETWORK --define=cc3200 -g --gcc --diag_warning=225 --diag_wrap=off --display_error_number --abi=eabi -z -m"Lab1.map" --heap_size=0x800 --stack_size=0x800 -i"C:/TI/ccsv8/tools/compiler/ti-cgt-arm_18.1.4.LTS/lib" -i"C:/TI/CC3200SDK_1.3.0/cc3200-sdk/driverlib/ccs/Release" -i"C:/TI/ccsv8/tools/compiler/ti-cgt-arm_18.1.4.LTS/include" --reread_libs --diag_wrap=off --display_error_number --warn_sections --xml_link_info="Lab1_linkInfo.xml" --rom_model -o "Lab1.out" "./gpio_if.obj" "./main.obj" "./pin_mux_config.obj" "./startup_ccs.obj" "./uart_if.obj" "../cc3200v1p32.cmd"  -llibc.a -ldriverlib.a 
<Linking>
Finished building target: "Lab1.out"
 
"C:/TI/ccsv8/utils/tiobj2bin/tiobj2bin" "Lab1.out" "Lab1.bin" "C:/TI/ccsv8/tools/compiler/ti-cgt-arm_18.1.4.LTS/bin/armofd" "C:/TI/ccsv8/tools/compiler/ti-cgt-arm_18.1.4.LTS/bin/armhex" "C:/TI/ccsv8/utils/tiobj2bin/mkhex4bin"
 

**** Build Finished ****

**** Build of configuration Release for project Lab1 ****

"C:\\TI\\ccsv8\\utils\\bin\\gmake" -k all 
 
gmake: Nothing to be done for 'all'.

**** Build Finished ****

**** Build of configuration Release for project Lab1 ****

"C:\\TI\\ccsv8\\utils\\bin\\gmake" -k all 
 
Building file: "../main.c"
Invoking: ARM Compiler
"C:/TI/ccsv8/tools/compiler/ti-cgt-arm_18.1.4.LTS/bin/armcl" -mv7M4 --code_state=16 --float_support=vfplib -me -Ooff --include_path="C:/TI/ccsv8/tools/compiler/ti-cgt-arm_18.1.4.LTS/include" --include_path="C:/TI/CC3200SDK_1.3.0/cc3200-sdk/example/common" --include_path="C:/TI/CC3200SDK_1.3.0/cc3200-sdk/driverlib" --include_path="C:/TI/CC3200SDK_1.3.0/cc3200-sdk/inc" --define=ccs --define=NON_NETWORK --define=cc3200 -g --gcc --diag_warning=225 --diag_wrap=off --display_error_number --abi=eabi --preproc_with_compile --preproc_dependency="main.d_raw"  "../main.c"
Finished building: "../main.c"
 
Building target: "Lab1.out"
Invoking: ARM Linker
"C:/TI/ccsv8/tools/compiler/ti-cgt-arm_18.1.4.LTS/bin/armcl" -mv7M4 --code_state=16 --float_support=vfplib -me -Ooff --define=ccs --define=NON_NETWORK --define=cc3200 -g --gcc --diag_warning=225 --diag_wrap=off --display_error_number --abi=eabi -z -m"Lab1.map" --heap_size=0x800 --stack_size=0x800 -i"C:/TI/ccsv8/tools/compiler/ti-cgt-arm_18.1.4.LTS/lib" -i"C:/TI/CC3200SDK_1.3.0/cc3200-sdk/driverlib/ccs/Release" -i"C:/TI/ccsv8/tools/compiler/ti-cgt-arm_18.1.4.LTS/include" --reread_libs --diag_wrap=off --display_error_number --warn_sections --xml_link_info="Lab1_linkInfo.xml" --rom_model -o "Lab1.out" "./gpio_if.obj" "./main.obj" "./pin_mux_config.obj" "./startup_ccs.obj" "./uart_if.obj" "../cc3200v1p32.cmd"  -llibc.a -ldriverlib.a 
<Linking>
Finished building target: "Lab1.out"
 
"C:/TI/ccsv8/utils/tiobj2bin/tiobj2bin" "Lab1.out" "Lab1.bin" "C:/TI/ccsv8/tools/compiler/ti-cgt-arm_18.1.4.LTS/bin/armofd" "C:/TI/ccsv8/tools/compiler/ti-cgt-arm_18.1.4.LTS/bin/armhex" "C:/TI/ccsv8/utils/tiobj2bin/mkhex4bin"
 

**** Build Finished ****

**** Build of configuration Release for project Lab1 ****

"C:\\TI\\ccsv8\\utils\\bin\\gmake" -k all 
 
gmake: Nothing to be done for 'all'.

**** Build Finished ****

**** Build of configuration Release for project Lab1 ****

"C:\\TI\\ccsv8\\utils\\bin\\gmake" -k all 
 
Building file: "../main.c"
Invoking: ARM Compiler
"C:/TI/ccsv8/tools/compiler/ti-cgt-arm_18.1.4.LTS/bin/armcl" -mv7M4 --code_state=16 --float_support=vfplib -me -Ooff --include_path="C:/TI/ccsv8/tools/compiler/ti-cgt-arm_18.1.4.LTS/include" --include_path="C:/TI/CC3200SDK_1.3.0/cc3200-sdk/example/common" --include_path="C:/TI/CC3200SDK_1.3.0/cc3200-sdk/driverlib" --include_path="C:/TI/CC3200SDK_1.3.0/cc3200-sdk/inc" --define=ccs --define=NON_NETWORK --define=cc3200 -g --gcc --diag_warning=225 --diag_wrap=off --display_error_number --abi=eabi --preproc_with_compile --preproc_dependency="main.d_raw"  "../main.c"
Finished building: "../main.c"
 
Building target: "Lab1.out"
Invoking: ARM Linker
"C:/TI/ccsv8/tools/compiler/ti-cgt-arm_18.1.4.LTS/bin/armcl" -mv7M4 --code_state=16 --float_support=vfplib -me -Ooff --define=ccs --define=NON_NETWORK --define=cc3200 -g --gcc --diag_warning=225 --diag_wrap=off --display_error_number --abi=eabi -z -m"Lab1.map" --heap_size=0x800 --stack_size=0x800 -i"C:/TI/ccsv8/tools/compiler/ti-cgt-arm_18.1.4.LTS/lib" -i"C:/TI/CC3200SDK_1.3.0/cc3200-sdk/driverlib/ccs/Release" -i"C:/TI/ccsv8/tools/compiler/ti-cgt-arm_18.1.4.LTS/include" --reread_libs --diag_wrap=off --display_error_number --warn_sections --xml_link_info="Lab1_linkInfo.xml" --rom_model -o "Lab1.out" "./gpio_if.obj" "./main.obj" "./pin_mux_config.obj" "./startup_ccs.obj" "./uart_if.obj" "../cc3200v1p32.cmd"  -llibc.a -ldriverlib.a 
<Linking>
Finished building target: "Lab1.out"
 
"C:/TI/ccsv8/utils/tiobj2bin/tiobj2bin" "Lab1.out" "Lab1.bin" "C:/TI/ccsv8/tools/compiler/ti-cgt-arm_18.1.4.LTS/bin/armofd" "C:/TI/ccsv8/tools/compiler/ti-cgt-arm_18.1.4.LTS/bin/armhex" "C:/TI/ccsv8/utils/tiobj2bin/mkhex4bin"
 

**** Build Finished ****

**** Build of configuration Release for project Lab1 ****

"C:\\TI\\ccsv8\\utils\\bin\\gmake" -k all 
 
gmake: Nothing to be done for 'all'.

**** Build Finished ****

**** Build of configuration Release for project Lab1 ****

"C:\\TI\\ccsv8\\utils\\bin\\gmake" -k all 
 
Building file: "../main.c"
Invoking: ARM Compiler
"C:/TI/ccsv8/tools/compiler/ti-cgt-arm_18.1.4.LTS/bin/armcl" -mv7M4 --code_state=16 --float_support=vfplib -me -Ooff --include_path="C:/TI/ccsv8/tools/compiler/ti-cgt-arm_18.1.4.LTS/include" --include_path="C:/TI/CC3200SDK_1.3.0/cc3200-sdk/example/common" --include_path="C:/TI/CC3200SDK_1.3.0/cc3200-sdk/driverlib" --include_path="C:/TI/CC3200SDK_1.3.0/cc3200-sdk/inc" --define=ccs --define=NON_NETWORK --define=cc3200 -g --gcc --diag_warning=225 --diag_wrap=off --display_error_number --abi=eabi --preproc_with_compile --preproc_dependency="main.d_raw"  "../main.c"
Finished building: "../main.c"
 
Building target: "Lab1.out"
Invoking: ARM Linker
"C:/TI/ccsv8/tools/compiler/ti-cgt-arm_18.1.4.LTS/bin/armcl" -mv7M4 --code_state=16 --float_support=vfplib -me -Ooff --define=ccs --define=NON_NETWORK --define=cc3200 -g --gcc --diag_warning=225 --diag_wrap=off --display_error_number --abi=eabi -z -m"Lab1.map" --heap_size=0x800 --stack_size=0x800 -i"C:/TI/ccsv8/tools/compiler/ti-cgt-arm_18.1.4.LTS/lib" -i"C:/TI/CC3200SDK_1.3.0/cc3200-sdk/driverlib/ccs/Release" -i"C:/TI/ccsv8/tools/compiler/ti-cgt-arm_18.1.4.LTS/include" --reread_libs --diag_wrap=off --display_error_number --warn_sections --xml_link_info="Lab1_linkInfo.xml" --rom_model -o "Lab1.out" "./gpio_if.obj" "./main.obj" "./pin_mux_config.obj" "./startup_ccs.obj" "./uart_if.obj" "../cc3200v1p32.cmd"  -llibc.a -ldriverlib.a 
<Linking>
Finished building target: "Lab1.out"
 
"C:/TI/ccsv8/utils/tiobj2bin/tiobj2bin" "Lab1.out" "Lab1.bin" "C:/TI/ccsv8/tools/compiler/ti-cgt-arm_18.1.4.LTS/bin/armofd" "C:/TI/ccsv8/tools/compiler/ti-cgt-arm_18.1.4.LTS/bin/armhex" "C:/TI/ccsv8/utils/tiobj2bin/mkhex4bin"
 

**** Build Finished ****

**** Build of configuration Release for project Lab1 ****

"C:\\TI\\ccsv8\\utils\\bin\\gmake" -k all 
 
gmake: Nothing to be done for 'all'.

**** Build Finished ****

**** Build of configuration Release for project Lab1 ****

"C:\\TI\\ccsv8\\utils\\bin\\gmake" -k all 
 
gmake: Nothing to be done for 'all'.

**** Build Finished ****

**** Build of configuration Release for project Lab1 ****

"C:\\TI\\ccsv8\\utils\\bin\\gmake" -k all 
 
gmake: Nothing to be done for 'all'.

**** Build Finished ****
Buildfile generation error occurred..
This project was created for a device not currently supported - Cortex M.CC3200:
- See 'Help > Check for Updates' to check if support for this device is available through a CCS update.
- Visit CCS App Center to get the latest device support.
- Check if you have installed support for the corresponding MCU/processor platform.
- Migrate the project to closest matching supported device by adjusting project properties.
- Or contact TI for support if using experimental silicon.
Build stopped..
Buildfile generation error occurred..
This project was created for a device not currently supported - Cortex M.CC3200:
- See 'Help > Check for Updates' to check if support for this device is available through a CCS update.
- Visit CCS App Center to get the latest device support.
- Check if you have installed support for the corresponding MCU/processor platform.
- Migrate the project to closest matching supported device by adjusting project properties.
- Or contact TI for support if using experimental silicon.
Build stopped..

**** Build of configuration Release for project Lab1 ****

"C:\\ti\\ccsv8\\utils\\bin\\gmake" -k all 
 
Building file: "C:/ti/CC3200SDK_1.3.0/cc3200-sdk/example/common/gpio_if.c"
Invoking: ARM Compiler
"C:/ti/ccsv8/tools/compiler/ti-cgt-arm_18.1.4.LTS/bin/armcl" -mv7M4 --code_state=16 --float_support=vfplib -me -Ooff --include_path="C:/ti/ccsv8/tools/compiler/ti-cgt-arm_18.1.4.LTS/include" --include_path="C:/TI/CC3200SDK_1.3.0/cc3200-sdk/example/common" --include_path="C:/TI/CC3200SDK_1.3.0/cc3200-sdk/driverlib" --include_path="C:/TI/CC3200SDK_1.3.0/cc3200-sdk/inc" --define=ccs --define=NON_NETWORK --define=cc3200 -g --gcc --diag_warning=225 --diag_wrap=off --display_error_number --abi=eabi --preproc_with_compile --preproc_dependency="gpio_if.d_raw"  "C:/ti/CC3200SDK_1.3.0/cc3200-sdk/example/common/gpio_if.c"
Finished building: "C:/ti/CC3200SDK_1.3.0/cc3200-sdk/example/common/gpio_if.c"
 
Building file: "../main.c"
Invoking: ARM Compiler
"C:/ti/ccsv8/tools/compiler/ti-cgt-arm_18.1.4.LTS/bin/armcl" -mv7M4 --code_state=16 --float_support=vfplib -me -Ooff --include_path="C:/ti/ccsv8/tools/compiler/ti-cgt-arm_18.1.4.LTS/include" --include_path="C:/TI/CC3200SDK_1.3.0/cc3200-sdk/example/common" --include_path="C:/TI/CC3200SDK_1.3.0/cc3200-sdk/driverlib" --include_path="C:/TI/CC3200SDK_1.3.0/cc3200-sdk/inc" --define=ccs --define=NON_NETWORK --define=cc3200 -g --gcc --diag_warning=225 --diag_wrap=off --display_error_number --abi=eabi --preproc_with_compile --preproc_dependency="main.d_raw"  "../main.c"
Finished building: "../main.c"
 
Building file: "../pin_mux_config.c"
Invoking: ARM Compiler
"C:/ti/ccsv8/tools/compiler/ti-cgt-arm_18.1.4.LTS/bin/armcl" -mv7M4 --code_state=16 --float_support=vfplib -me -Ooff --include_path="C:/ti/ccsv8/tools/compiler/ti-cgt-arm_18.1.4.LTS/include" --include_path="C:/TI/CC3200SDK_1.3.0/cc3200-sdk/example/common" --include_path="C:/TI/CC3200SDK_1.3.0/cc3200-sdk/driverlib" --include_path="C:/TI/CC3200SDK_1.3.0/cc3200-sdk/inc" --define=ccs --define=NON_NETWORK --define=cc3200 -g --gcc --diag_warning=225 --diag_wrap=off --display_error_number --abi=eabi --preproc_with_compile --preproc_dependency="pin_mux_config.d_raw"  "../pin_mux_config.c"
Finished building: "../pin_mux_config.c"
 
Building file: "C:/ti/CC3200SDK_1.3.0/cc3200-sdk/example/common/startup_ccs.c"
Invoking: ARM Compiler
"C:/ti/ccsv8/tools/compiler/ti-cgt-arm_18.1.4.LTS/bin/armcl" -mv7M4 --code_state=16 --float_support=vfplib -me -Ooff --include_path="C:/ti/ccsv8/tools/compiler/ti-cgt-arm_18.1.4.LTS/include" --include_path="C:/TI/CC3200SDK_1.3.0/cc3200-sdk/example/common" --include_path="C:/TI/CC3200SDK_1.3.0/cc3200-sdk/driverlib" --include_path="C:/TI/CC3200SDK_1.3.0/cc3200-sdk/inc" --define=ccs --define=NON_NETWORK --define=cc3200 -g --gcc --diag_warning=225 --diag_wrap=off --display_error_number --abi=eabi --preproc_with_compile --preproc_dependency="startup_ccs.d_raw"  "C:/ti/CC3200SDK_1.3.0/cc3200-sdk/example/common/startup_ccs.c"
Finished building: "C:/ti/CC3200SDK_1.3.0/cc3200-sdk/example/common/startup_ccs.c"
 
Building file: "C:/ti/CC3200SDK_1.3.0/cc3200-sdk/example/common/uart_if.c"
Invoking: ARM Compiler
"C:/ti/ccsv8/tools/compiler/ti-cgt-arm_18.1.4.LTS/bin/armcl" -mv7M4 --code_state=16 --float_support=vfplib -me -Ooff --include_path="C:/ti/ccsv8/tools/compiler/ti-cgt-arm_18.1.4.LTS/include" --include_path="C:/TI/CC3200SDK_1.3.0/cc3200-sdk/example/common" --include_path="C:/TI/CC3200SDK_1.3.0/cc3200-sdk/driverlib" --include_path="C:/TI/CC3200SDK_1.3.0/cc3200-sdk/inc" --define=ccs --define=NON_NETWORK --define=cc3200 -g --gcc --diag_warning=225 --diag_wrap=off --display_error_number --abi=eabi --preproc_with_compile --preproc_dependency="uart_if.d_raw"  "C:/ti/CC3200SDK_1.3.0/cc3200-sdk/example/common/uart_if.c"
Finished building: "C:/ti/CC3200SDK_1.3.0/cc3200-sdk/example/common/uart_if.c"
 
Building target: "Lab1.out"
Invoking: ARM Linker
"C:/ti/ccsv8/tools/compiler/ti-cgt-arm_18.1.4.LTS/bin/armcl" -mv7M4 --code_state=16 --float_support=vfplib -me -Ooff --define=ccs --define=NON_NETWORK --define=cc3200 -g --gcc --diag_warning=225 --diag_wrap=off --display_error_number --abi=eabi -z -m"Lab1.map" --heap_size=0x800 --stack_size=0x800 -i"C:/ti/ccsv8/tools/compiler/ti-cgt-arm_18.1.4.LTS/lib" -i"C:/TI/CC3200SDK_1.3.0/cc3200-sdk/driverlib/ccs/Release" -i"C:/ti/ccsv8/tools/compiler/ti-cgt-arm_18.1.4.LTS/include" --reread_libs --diag_wrap=off --display_error_number --warn_sections --xml_link_info="Lab1_linkInfo.xml" --rom_model -o "Lab1.out" "./gpio_if.obj" "./main.obj" "./pin_mux_config.obj" "./startup_ccs.obj" "./uart_if.obj" "../cc3200v1p32.cmd"  -llibc.a -ldriverlib.a 
<Linking>
Finished building target: "Lab1.out"
 
"C:/ti/ccsv8/utils/tiobj2bin/tiobj2bin" "Lab1.out" "Lab1.bin" "C:/ti/ccsv8/tools/compiler/ti-cgt-arm_18.1.4.LTS/bin/armofd" "C:/ti/ccsv8/tools/compiler/ti-cgt-arm_18.1.4.LTS/bin/armhex" "C:/ti/ccsv8/utils/tiobj2bin/mkhex4bin"
 

**** Build Finished ****

**** Clean-only build of configuration Release for project Lab1 ****

"C:\\ti\\ccsv8\\utils\\bin\\gmake" -k clean 
 
DEL /F  "Lab1.bin"  "Lab1.out" 
DEL /F "gpio_if.obj" "main.obj" "pin_mux_config.obj" "startup_ccs.obj" "uart_if.obj" 
DEL /F "gpio_if.d" "main.d" "pin_mux_config.d" "startup_ccs.d" "uart_if.d" 
Finished clean
 

**** Build Finished ****

**** Clean-only build of configuration Release for project uart_demo ****

"C:\\ti\\ccsv8\\utils\\bin\\gmake" -k clean 
 
gmake: *** No rule to make target 'clean'.

**** Build Finished ****

**** Build of configuration Release for project Lab1 ****

"C:\\ti\\ccsv8\\utils\\bin\\gmake" -k all 
 
Building file: "C:/ti/CC3200SDK_1.3.0/cc3200-sdk/example/common/gpio_if.c"
Invoking: ARM Compiler
"C:/ti/ccsv8/tools/compiler/ti-cgt-arm_18.1.4.LTS/bin/armcl" -mv7M4 --code_state=16 --float_support=vfplib -me -Ooff --include_path="C:/ti/ccsv8/tools/compiler/ti-cgt-arm_18.1.4.LTS/include" --include_path="C:/TI/CC3200SDK_1.3.0/cc3200-sdk/example/common" --include_path="C:/TI/CC3200SDK_1.3.0/cc3200-sdk/driverlib" --include_path="C:/TI/CC3200SDK_1.3.0/cc3200-sdk/inc" --define=ccs --define=NON_NETWORK --define=cc3200 -g --gcc --diag_warning=225 --diag_wrap=off --display_error_number --abi=eabi --preproc_with_compile --preproc_dependency="gpio_if.d_raw"  "C:/ti/CC3200SDK_1.3.0/cc3200-sdk/example/common/gpio_if.c"
Finished building: "C:/ti/CC3200SDK_1.3.0/cc3200-sdk/example/common/gpio_if.c"
 
Building file: "../main.c"
Invoking: ARM Compiler
"C:/ti/ccsv8/tools/compiler/ti-cgt-arm_18.1.4.LTS/bin/armcl" -mv7M4 --code_state=16 --float_support=vfplib -me -Ooff --include_path="C:/ti/ccsv8/tools/compiler/ti-cgt-arm_18.1.4.LTS/include" --include_path="C:/TI/CC3200SDK_1.3.0/cc3200-sdk/example/common" --include_path="C:/TI/CC3200SDK_1.3.0/cc3200-sdk/driverlib" --include_path="C:/TI/CC3200SDK_1.3.0/cc3200-sdk/inc" --define=ccs --define=NON_NETWORK --define=cc3200 -g --gcc --diag_warning=225 --diag_wrap=off --display_error_number --abi=eabi --preproc_with_compile --preproc_dependency="main.d_raw"  "../main.c"
Finished building: "../main.c"
 
Building file: "../pin_mux_config.c"
Invoking: ARM Compiler
"C:/ti/ccsv8/tools/compiler/ti-cgt-arm_18.1.4.LTS/bin/armcl" -mv7M4 --code_state=16 --float_support=vfplib -me -Ooff --include_path="C:/ti/ccsv8/tools/compiler/ti-cgt-arm_18.1.4.LTS/include" --include_path="C:/TI/CC3200SDK_1.3.0/cc3200-sdk/example/common" --include_path="C:/TI/CC3200SDK_1.3.0/cc3200-sdk/driverlib" --include_path="C:/TI/CC3200SDK_1.3.0/cc3200-sdk/inc" --define=ccs --define=NON_NETWORK --define=cc3200 -g --gcc --diag_warning=225 --diag_wrap=off --display_error_number --abi=eabi --preproc_with_compile --preproc_dependency="pin_mux_config.d_raw"  "../pin_mux_config.c"
Finished building: "../pin_mux_config.c"
 
Building file: "C:/ti/CC3200SDK_1.3.0/cc3200-sdk/example/common/startup_ccs.c"
Invoking: ARM Compiler
"C:/ti/ccsv8/tools/compiler/ti-cgt-arm_18.1.4.LTS/bin/armcl" -mv7M4 --code_state=16 --float_support=vfplib -me -Ooff --include_path="C:/ti/ccsv8/tools/compiler/ti-cgt-arm_18.1.4.LTS/include" --include_path="C:/TI/CC3200SDK_1.3.0/cc3200-sdk/example/common" --include_path="C:/TI/CC3200SDK_1.3.0/cc3200-sdk/driverlib" --include_path="C:/TI/CC3200SDK_1.3.0/cc3200-sdk/inc" --define=ccs --define=NON_NETWORK --define=cc3200 -g --gcc --diag_warning=225 --diag_wrap=off --display_error_number --abi=eabi --preproc_with_compile --preproc_dependency="startup_ccs.d_raw"  "C:/ti/CC3200SDK_1.3.0/cc3200-sdk/example/common/startup_ccs.c"
Finished building: "C:/ti/CC3200SDK_1.3.0/cc3200-sdk/example/common/startup_ccs.c"
 
Building file: "C:/ti/CC3200SDK_1.3.0/cc3200-sdk/example/common/uart_if.c"
Invoking: ARM Compiler
"C:/ti/ccsv8/tools/compiler/ti-cgt-arm_18.1.4.LTS/bin/armcl" -mv7M4 --code_state=16 --float_support=vfplib -me -Ooff --include_path="C:/ti/ccsv8/tools/compiler/ti-cgt-arm_18.1.4.LTS/include" --include_path="C:/TI/CC3200SDK_1.3.0/cc3200-sdk/example/common" --include_path="C:/TI/CC3200SDK_1.3.0/cc3200-sdk/driverlib" --include_path="C:/TI/CC3200SDK_1.3.0/cc3200-sdk/inc" --define=ccs --define=NON_NETWORK --define=cc3200 -g --gcc --diag_warning=225 --diag_wrap=off --display_error_number --abi=eabi --preproc_with_compile --preproc_dependency="uart_if.d_raw"  "C:/ti/CC3200SDK_1.3.0/cc3200-sdk/example/common/uart_if.c"
Finished building: "C:/ti/CC3200SDK_1.3.0/cc3200-sdk/example/common/uart_if.c"
 
Building target: "Lab1.out"
Invoking: ARM Linker
"C:/ti/ccsv8/tools/compiler/ti-cgt-arm_18.1.4.LTS/bin/armcl" -mv7M4 --code_state=16 --float_support=vfplib -me -Ooff --define=ccs --define=NON_NETWORK --define=cc3200 -g --gcc --diag_warning=225 --diag_wrap=off --display_error_number --abi=eabi -z -m"Lab1.map" --heap_size=0x800 --stack_size=0x800 -i"C:/ti/ccsv8/tools/compiler/ti-cgt-arm_18.1.4.LTS/lib" -i"C:/TI/CC3200SDK_1.3.0/cc3200-sdk/driverlib/ccs/Release" -i"C:/ti/ccsv8/tools/compiler/ti-cgt-arm_18.1.4.LTS/include" --reread_libs --diag_wrap=off --display_error_number --warn_sections --xml_link_info="Lab1_linkInfo.xml" --rom_model -o "Lab1.out" "./gpio_if.obj" "./main.obj" "./pin_mux_config.obj" "./startup_ccs.obj" "./uart_if.obj" "../cc3200v1p32.cmd"  -llibc.a -ldriverlib.a 
<Linking>
Finished building target: "Lab1.out"
 
"C:/ti/ccsv8/utils/tiobj2bin/tiobj2bin" "Lab1.out" "Lab1.bin" "C:/ti/ccsv8/tools/compiler/ti-cgt-arm_18.1.4.LTS/bin/armofd" "C:/ti/ccsv8/tools/compiler/ti-cgt-arm_18.1.4.LTS/bin/armhex" "C:/ti/ccsv8/utils/tiobj2bin/mkhex4bin"
 

**** Build Finished ****

**** Clean-only build of configuration Release for project uart_demo ****

"C:\\ti\\ccsv8\\utils\\bin\\gmake" -k clean 
 
gmake: *** No rule to make target 'clean'.

**** Build Finished ****

**** Build of configuration Release for project uart_demo ****

"C:\\ti\\ccsv8\\utils\\bin\\gmake" -k all 
 
Building file: "../main.c"
Invoking: ARM Compiler
"C:/ti/ccsv8/tools/compiler/ti-cgt-arm_18.1.4.LTS/bin/armcl" -mv7M4 --code_state=16 --float_support=vfplib -me -Ooff --include_path="C:/ti/ccsv8/tools/compiler/ti-cgt-arm_18.1.4.LTS/include" --include_path="C:/TI/CC3200SDK_1.3.0/cc3200-sdk/driverlib/" --include_path="C:/TI/CC3200SDK_1.3.0/cc3200-sdk/inc/" --include_path="C:/TI/CC3200SDK_1.3.0/cc3200-sdk/example/common" --define=ccs --define=cc3200 -g --gcc --printf_support=full --diag_warning=225 --diag_wrap=off --display_error_number --abi=eabi --preproc_with_compile --preproc_dependency="main.d_raw"  "../main.c"
Finished building: "../main.c"
 
Building file: "../pinmux.c"
Invoking: ARM Compiler
"C:/ti/ccsv8/tools/compiler/ti-cgt-arm_18.1.4.LTS/bin/armcl" -mv7M4 --code_state=16 --float_support=vfplib -me -Ooff --include_path="C:/ti/ccsv8/tools/compiler/ti-cgt-arm_18.1.4.LTS/include" --include_path="C:/TI/CC3200SDK_1.3.0/cc3200-sdk/driverlib/" --include_path="C:/TI/CC3200SDK_1.3.0/cc3200-sdk/inc/" --include_path="C:/TI/CC3200SDK_1.3.0/cc3200-sdk/example/common" --define=ccs --define=cc3200 -g --gcc --printf_support=full --diag_warning=225 --diag_wrap=off --display_error_number --abi=eabi --preproc_with_compile --preproc_dependency="pinmux.d_raw"  "../pinmux.c"
Finished building: "../pinmux.c"
 
Building file: "C:/ti/CC3200SDK_1.3.0/cc3200-sdk/example/common/startup_ccs.c"
Invoking: ARM Compiler
"C:/ti/ccsv8/tools/compiler/ti-cgt-arm_18.1.4.LTS/bin/armcl" -mv7M4 --code_state=16 --float_support=vfplib -me -Ooff --include_path="C:/ti/ccsv8/tools/compiler/ti-cgt-arm_18.1.4.LTS/include" --include_path="C:/TI/CC3200SDK_1.3.0/cc3200-sdk/driverlib/" --include_path="C:/TI/CC3200SDK_1.3.0/cc3200-sdk/inc/" --include_path="C:/TI/CC3200SDK_1.3.0/cc3200-sdk/example/common" --define=ccs --define=cc3200 -g --gcc --printf_support=full --diag_warning=225 --diag_wrap=off --display_error_number --abi=eabi --preproc_with_compile --preproc_dependency="startup_ccs.d_raw"  "C:/ti/CC3200SDK_1.3.0/cc3200-sdk/example/common/startup_ccs.c"
Finished building: "C:/ti/CC3200SDK_1.3.0/cc3200-sdk/example/common/startup_ccs.c"
 
Building file: "C:/ti/CC3200SDK_1.3.0/cc3200-sdk/example/common/uart_if.c"
Invoking: ARM Compiler
"C:/ti/ccsv8/tools/compiler/ti-cgt-arm_18.1.4.LTS/bin/armcl" -mv7M4 --code_state=16 --float_support=vfplib -me -Ooff --include_path="C:/ti/ccsv8/tools/compiler/ti-cgt-arm_18.1.4.LTS/include" --include_path="C:/TI/CC3200SDK_1.3.0/cc3200-sdk/driverlib/" --include_path="C:/TI/CC3200SDK_1.3.0/cc3200-sdk/inc/" --include_path="C:/TI/CC3200SDK_1.3.0/cc3200-sdk/example/common" --define=ccs --define=cc3200 -g --gcc --printf_support=full --diag_warning=225 --diag_wrap=off --display_error_number --abi=eabi --preproc_with_compile --preproc_dependency="uart_if.d_raw"  "C:/ti/CC3200SDK_1.3.0/cc3200-sdk/example/common/uart_if.c"
Finished building: "C:/ti/CC3200SDK_1.3.0/cc3200-sdk/example/common/uart_if.c"
 
Building target: "uart_demo.out"
Invoking: ARM Linker
"C:/ti/ccsv8/tools/compiler/ti-cgt-arm_18.1.4.LTS/bin/armcl" -mv7M4 --code_state=16 --float_support=vfplib -me -Ooff --define=ccs --define=cc3200 -g --gcc --printf_support=full --diag_warning=225 --diag_wrap=off --display_error_number --abi=eabi -z -m"uart_demo.map" --heap_size=0x800 --stack_size=0x100 -i"C:/ti/ccsv8/tools/compiler/ti-cgt-arm_18.1.4.LTS/lib" -i"C:/ti/ccsv8/tools/compiler/ti-cgt-arm_18.1.4.LTS/include" --reread_libs --diag_wrap=off --display_error_number --warn_sections --xml_link_info="uart_demo_linkInfo.xml" --rom_model -o "uart_demo.out" "./main.obj" "./pinmux.obj" "./startup_ccs.obj" "./uart_if.obj" "../cc3200v1p32.cmd"  -llibc.a -l"C:/TI/CC3200SDK_1.3.0/cc3200-sdk/driverlib/ccs/Release/driverlib.a" 
<Linking>
Finished building target: "uart_demo.out"
 
"C:/ti/ccsv8/utils/tiobj2bin/tiobj2bin" "uart_demo.out" "uart_demo.bin" "C:/ti/ccsv8/tools/compiler/ti-cgt-arm_18.1.4.LTS/bin/armofd" "C:/ti/ccsv8/tools/compiler/ti-cgt-arm_18.1.4.LTS/bin/armhex" "C:/ti/ccsv8/utils/tiobj2bin/mkhex4bin"
 

**** Build Finished ****

**** Build of configuration Release for project Lab1 ****

"C:\\ti\\ccsv8\\utils\\bin\\gmake" -k all 
 
gmake: Nothing to be done for 'all'.

**** Build Finished ****

**** Build of configuration Release for project Lab1 ****

"C:\\ti\\ccsv8\\utils\\bin\\gmake" -k all 
 
Building file: "C:/ti/CC3200SDK_1.3.0/cc3200-sdk/example/common/gpio_if.c"
Invoking: ARM Compiler
"C:/ti/ccsv8/tools/compiler/ti-cgt-arm_18.1.4.LTS/bin/armcl" -mv7M4 --code_state=16 --float_support=vfplib -me -Ooff --include_path="C:/ti/ccsv8/tools/compiler/ti-cgt-arm_18.1.4.LTS/include" --include_path="C:/TI/CC3200SDK_1.3.0/cc3200-sdk/example/common" --include_path="C:/TI/CC3200SDK_1.3.0/cc3200-sdk/driverlib" --include_path="C:/TI/CC3200SDK_1.3.0/cc3200-sdk/inc" --define=ccs --define=NON_NETWORK --define=cc3200 -g --gcc --diag_warning=225 --diag_wrap=off --display_error_number --abi=eabi --preproc_with_compile --preproc_dependency="gpio_if.d_raw"  "C:/ti/CC3200SDK_1.3.0/cc3200-sdk/example/common/gpio_if.c"
Finished building: "C:/ti/CC3200SDK_1.3.0/cc3200-sdk/example/common/gpio_if.c"
 
Building file: "../main.c"
Invoking: ARM Compiler
"C:/ti/ccsv8/tools/compiler/ti-cgt-arm_18.1.4.LTS/bin/armcl" -mv7M4 --code_state=16 --float_support=vfplib -me -Ooff --include_path="C:/ti/ccsv8/tools/compiler/ti-cgt-arm_18.1.4.LTS/include" --include_path="C:/TI/CC3200SDK_1.3.0/cc3200-sdk/example/common" --include_path="C:/TI/CC3200SDK_1.3.0/cc3200-sdk/driverlib" --include_path="C:/TI/CC3200SDK_1.3.0/cc3200-sdk/inc" --define=ccs --define=NON_NETWORK --define=cc3200 -g --gcc --diag_warning=225 --diag_wrap=off --display_error_number --abi=eabi --preproc_with_compile --preproc_dependency="main.d_raw"  "../main.c"
Finished building: "../main.c"
 
Building file: "../pin_mux_config.c"
Invoking: ARM Compiler
"C:/ti/ccsv8/tools/compiler/ti-cgt-arm_18.1.4.LTS/bin/armcl" -mv7M4 --code_state=16 --float_support=vfplib -me -Ooff --include_path="C:/ti/ccsv8/tools/compiler/ti-cgt-arm_18.1.4.LTS/include" --include_path="C:/TI/CC3200SDK_1.3.0/cc3200-sdk/example/common" --include_path="C:/TI/CC3200SDK_1.3.0/cc3200-sdk/driverlib" --include_path="C:/TI/CC3200SDK_1.3.0/cc3200-sdk/inc" --define=ccs --define=NON_NETWORK --define=cc3200 -g --gcc --diag_warning=225 --diag_wrap=off --display_error_number --abi=eabi --preproc_with_compile --preproc_dependency="pin_mux_config.d_raw"  "../pin_mux_config.c"
Finished building: "../pin_mux_config.c"
 
Building file: "C:/ti/CC3200SDK_1.3.0/cc3200-sdk/example/common/startup_ccs.c"
Invoking: ARM Compiler
"C:/ti/ccsv8/tools/compiler/ti-cgt-arm_18.1.4.LTS/bin/armcl" -mv7M4 --code_state=16 --float_support=vfplib -me -Ooff --include_path="C:/ti/ccsv8/tools/compiler/ti-cgt-arm_18.1.4.LTS/include" --include_path="C:/TI/CC3200SDK_1.3.0/cc3200-sdk/example/common" --include_path="C:/TI/CC3200SDK_1.3.0/cc3200-sdk/driverlib" --include_path="C:/TI/CC3200SDK_1.3.0/cc3200-sdk/inc" --define=ccs --define=NON_NETWORK --define=cc3200 -g --gcc --diag_warning=225 --diag_wrap=off --display_error_number --abi=eabi --preproc_with_compile --preproc_dependency="startup_ccs.d_raw"  "C:/ti/CC3200SDK_1.3.0/cc3200-sdk/example/common/startup_ccs.c"
Finished building: "C:/ti/CC3200SDK_1.3.0/cc3200-sdk/example/common/startup_ccs.c"
 
Building file: "C:/ti/CC3200SDK_1.3.0/cc3200-sdk/example/common/uart_if.c"
Invoking: ARM Compiler
"C:/ti/ccsv8/tools/compiler/ti-cgt-arm_18.1.4.LTS/bin/armcl" -mv7M4 --code_state=16 --float_support=vfplib -me -Ooff --include_path="C:/ti/ccsv8/tools/compiler/ti-cgt-arm_18.1.4.LTS/include" --include_path="C:/TI/CC3200SDK_1.3.0/cc3200-sdk/example/common" --include_path="C:/TI/CC3200SDK_1.3.0/cc3200-sdk/driverlib" --include_path="C:/TI/CC3200SDK_1.3.0/cc3200-sdk/inc" --define=ccs --define=NON_NETWORK --define=cc3200 -g --gcc --diag_warning=225 --diag_wrap=off --display_error_number --abi=eabi --preproc_with_compile --preproc_dependency="uart_if.d_raw"  "C:/ti/CC3200SDK_1.3.0/cc3200-sdk/example/common/uart_if.c"
Finished building: "C:/ti/CC3200SDK_1.3.0/cc3200-sdk/example/common/uart_if.c"
 
Building target: "Lab1.out"
Invoking: ARM Linker
"C:/ti/ccsv8/tools/compiler/ti-cgt-arm_18.1.4.LTS/bin/armcl" -mv7M4 --code_state=16 --float_support=vfplib -me -Ooff --define=ccs --define=NON_NETWORK --define=cc3200 -g --gcc --diag_warning=225 --diag_wrap=off --display_error_number --abi=eabi -z -m"Lab1.map" --heap_size=0x800 --stack_size=0x800 -i"C:/ti/ccsv8/tools/compiler/ti-cgt-arm_18.1.4.LTS/lib" -i"C:/TI/CC3200SDK_1.3.0/cc3200-sdk/driverlib/ccs/Release" -i"C:/ti/ccsv8/tools/compiler/ti-cgt-arm_18.1.4.LTS/include" --reread_libs --diag_wrap=off --display_error_number --warn_sections --xml_link_info="Lab1_linkInfo.xml" --rom_model -o "Lab1.out" "./gpio_if.obj" "./main.obj" "./pin_mux_config.obj" "./startup_ccs.obj" "./uart_if.obj" "../cc3200v1p32.cmd"  -llibc.a -ldriverlib.a 
<Linking>
Finished building target: "Lab1.out"
 
"C:/ti/ccsv8/utils/tiobj2bin/tiobj2bin" "Lab1.out" "Lab1.bin" "C:/ti/ccsv8/tools/compiler/ti-cgt-arm_18.1.4.LTS/bin/armofd" "C:/ti/ccsv8/tools/compiler/ti-cgt-arm_18.1.4.LTS/bin/armhex" "C:/ti/ccsv8/utils/tiobj2bin/mkhex4bin"
 

**** Build Finished ****

**** Build of configuration Release for project Lab1 ****

"C:\\ti\\ccsv8\\utils\\bin\\gmake" -k all 
 
gmake: Nothing to be done for 'all'.

**** Build Finished ****
